<?xml version="1.0" encoding="UTF-8"?>
<testsuites name="Ordine" time="129.419" tests="11" passed="8" failures="3" errors="0" incompleted="0" skipped="0">
   <testsuite name="Ordine" tests="11" passed="8" failures="3" errors="0" incompleted="0" skipped="0" time="129.419" timestamp="2026-06-08T18:30:02.133Z" hostname="gianf - Gianfranco" id="Test Suites/Ordine" status="FAILED">
      <properties>
[...]
</properties>
      <testcase name="Test Cases/Ordine/TC_6.1_1" time="12.028" classname="Test Cases/Ordine/TC_6.1_1" status="PASSED">
         <system-out><![CDATA[08-06-2026T20:30:02 - [TEST_CASE][PASSED] - Test Cases/Ordine/TC_6.1_1: Test Cases/Ordine/TC_6.1_1

08-06-2026T20:30:02 - [TEST_STEP][PASSED] - Start listener action : resetSeedBeforeTestCase: Seed ripristinato prima di: Test Cases/Ordine/TC_6.1_1

08-06-2026T20:30:02 - [TEST_STEP][PASSED] - if (resetSeed == false): null

08-06-2026T20:30:02 - [TEST_STEP][PASSED] - projectDir = getProjectDir(): null

08-06-2026T20:30:02 - [TEST_STEP][PASSED] - script = new java.io.File(projectDir, Data Files/reset-seed.sql): null

08-06-2026T20:30:02 - [TEST_STEP][PASSED] - if (!(script.exists())): null

08-06-2026T20:30:02 - [TEST_STEP][PASSED] - cmd = [mysqlExe, "--user=" + dbUser, "--password=" + dbPass, dbName]: null

08-06-2026T20:30:02 - [TEST_STEP][PASSED] - log = new java.io.File(java.lang.System.getProperty(java.io.tmpdir), seedreset.log): null

08-06-2026T20:30:02 - [TEST_STEP][PASSED] - pb = new java.lang.ProcessBuilder(cmd): null

08-06-2026T20:30:02 - [TEST_STEP][PASSED] - pb.redirectInput(script): null

08-06-2026T20:30:02 - [TEST_STEP][PASSED] - pb.redirectErrorStream(true): null

08-06-2026T20:30:02 - [TEST_STEP][PASSED] - pb.redirectOutput(log): null

08-06-2026T20:30:02 - [TEST_STEP][PASSED] - p = pb.start(): null

08-06-2026T20:30:02 - [TEST_STEP][PASSED] - finished = p.waitFor(20, SECONDS): null

08-06-2026T20:30:02 - [TEST_STEP][PASSED] - if (!(finished)): null

08-06-2026T20:30:02 - [TEST_STEP][PASSED] - code = p.exitValue(): null

08-06-2026T20:30:02 - [TEST_STEP][PASSED] - if (code != 0): null

08-06-2026T20:30:02 - [TEST_STEP][PASSED] - else: Seed ripristinato prima di: Test Cases/Ordine/TC_6.1_1

08-06-2026T20:30:02 - [TEST_STEP][PASSED] - logInfo("Seed ripristinato prima di: " + context.getTestCaseId()): Seed ripristinato prima di: Test Cases/Ordine/TC_6.1_1

08-06-2026T20:30:02 - [MESSAGE][INFO] - Seed ripristinato prima di: Test Cases/Ordine/TC_6.1_1

08-06-2026T20:30:02 - [TEST_STEP][PASSED] - openBrowser(""): Browser is opened with url: ''

08-06-2026T20:30:02 - [MESSAGE][INFO] - Starting 'Chrome' driver

08-06-2026T20:30:02 - [MESSAGE][INFO] - Action delay is set to 0 milliseconds

08-06-2026T20:30:04 - [MESSAGE][PASSED] - Browser is opened with url: ''

08-06-2026T20:30:04 - [TEST_STEP][PASSED] - navigateToUrl(base + "loginForm.jsp"): Navigate to 'http://localhost:8080/Vaporant_IGES_war_exploded/loginForm.jsp' successfully

08-06-2026T20:30:05 - [MESSAGE][PASSED] - Navigate to 'http://localhost:8080/Vaporant_IGES_war_exploded/loginForm.jsp' successfully

08-06-2026T20:30:05 - [TEST_STEP][PASSED] - setText(css("#email"), "t.mansi@studenti.unisa.it"): null

08-06-2026T20:30:05 - [TEST_STEP][PASSED] - t = new com.kms.katalon.core.testobject.TestObject(sel): null

08-06-2026T20:30:05 - [TEST_STEP][PASSED] - t.addProperty("css", EQUALS, sel): null

08-06-2026T20:30:05 - [TEST_STEP][PASSED] - return t: Text 't.mansi@studenti.unisa.it' is set on object '#email'

08-06-2026T20:30:05 - [MESSAGE][PASSED] - Text 't.mansi@studenti.unisa.it' is set on object '#email'

08-06-2026T20:30:05 - [TEST_STEP][PASSED] - setText(css("#password"), "321CBA."): null

08-06-2026T20:30:05 - [TEST_STEP][PASSED] - t = new com.kms.katalon.core.testobject.TestObject(sel): null

08-06-2026T20:30:05 - [TEST_STEP][PASSED] - t.addProperty("css", EQUALS, sel): null

08-06-2026T20:30:05 - [TEST_STEP][PASSED] - return t: Text '321CBA.' is set on object '#password'

08-06-2026T20:30:06 - [MESSAGE][PASSED] - Text '321CBA.' is set on object '#password'

08-06-2026T20:30:06 - [TEST_STEP][PASSED] - click(css("#submit")): null

08-06-2026T20:30:06 - [TEST_STEP][PASSED] - t = new com.kms.katalon.core.testobject.TestObject(sel): null

08-06-2026T20:30:06 - [TEST_STEP][PASSED] - t.addProperty("css", EQUALS, sel): null

08-06-2026T20:30:06 - [TEST_STEP][PASSED] - return t: Object: '#submit' is clicked on

08-06-2026T20:30:07 - [MESSAGE][PASSED] - Object: '#submit' is clicked on

08-06-2026T20:30:07 - [TEST_STEP][PASSED] - delay(2): Delayed 2 second(s)

08-06-2026T20:30:09 - [MESSAGE][PASSED] - Delayed 2 second(s)

08-06-2026T20:30:09 - [TEST_STEP][PASSED] - navigateToUrl(base + "cart?action=addC&id=2"): Navigate to 'http://localhost:8080/Vaporant_IGES_war_exploded/cart?action=addC&id=2' successfully

08-06-2026T20:30:09 - [MESSAGE][PASSED] - Navigate to 'http://localhost:8080/Vaporant_IGES_war_exploded/cart?action=addC&id=2' successfully

08-06-2026T20:30:09 - [TEST_STEP][PASSED] - delay(1): Delayed 1 second(s)

08-06-2026T20:30:10 - [MESSAGE][PASSED] - Delayed 1 second(s)

08-06-2026T20:30:10 - [TEST_STEP][PASSED] - navigateToUrl(base + "checkout.jsp"): Navigate to 'http://localhost:8080/Vaporant_IGES_war_exploded/checkout.jsp' successfully

08-06-2026T20:30:11 - [MESSAGE][PASSED] - Navigate to 'http://localhost:8080/Vaporant_IGES_war_exploded/checkout.jsp' successfully

08-06-2026T20:30:11 - [TEST_STEP][PASSED] - delay(2): Delayed 2 second(s)

08-06-2026T20:30:13 - [MESSAGE][PASSED] - Delayed 2 second(s)

08-06-2026T20:30:13 - [TEST_STEP][PASSED] - takeScreenshot(): Taking screenshot successfully

08-06-2026T20:30:13 - [MESSAGE][PASSED] - Taking screenshot successfully
[[ATTACHMENT|C:\\Users\\gianf\\Documents\\Vaporant-IGES\\StorageSession\\testing\\katalon\\Vaporant-Baseline\\Reports\\20260608_202946\\Ordine\\20260608_202946\\1780943413312.png]]

08-06-2026T20:30:13 - [TEST_STEP][PASSED] - verifyTextPresent("(?i)Acquista", true): Text '(?i)Acquista' is present on page  using regular expression

08-06-2026T20:30:13 - [MESSAGE][PASSED] - Text '(?i)Acquista' is present on page  using regular expression

08-06-2026T20:30:13 - [TEST_STEP][PASSED] - verifyElementPresent(css("#addressDropdown"), 5): null

08-06-2026T20:30:13 - [TEST_STEP][PASSED] - t = new com.kms.katalon.core.testobject.TestObject(sel): null

08-06-2026T20:30:13 - [TEST_STEP][PASSED] - t.addProperty("css", EQUALS, sel): null

08-06-2026T20:30:13 - [TEST_STEP][PASSED] - return t: Object '#addressDropdown' is present

08-06-2026T20:30:14 - [MESSAGE][PASSED] - Object '#addressDropdown' is present

08-06-2026T20:30:14 - [TEST_STEP][PASSED] - closeBrowser(): Browser is closed

08-06-2026T20:30:14 - [MESSAGE][PASSED] - Browser is closed]]></system-out>
         <system-err><![CDATA[]]></system-err>
      </testcase>
      <testcase name="Test Cases/Ordine/TC_6.1_2" time="3.609" classname="Test Cases/Ordine/TC_6.1_2" status="FAILED">
         <failure type="FAILED" message="Test Cases/Ordine/TC_6.1_2 FAILED.&#xa;Reason:&#xa;com.kms.katalon.core.exception.StepFailedException: Unable to verify text '(?i)Non hai un account' is present  using regular expression&#xa;	at com.kms.katalon.core.webui.keyword.internal.WebUIKeywordMain.stepFailed(WebUIKeywordMain.groovy:177)&#xa;	at com.kms.katalon.core.webui.keyword.internal.WebUIKeywordMain.runKeyword(WebUIKeywordMain.groovy:49)&#xa;	at com.kms.katalon.core.webui.keyword.builtin.VerifyTextPresentKeyword.verifyTextPresent(VerifyTextPresentKeyword.groovy:83)&#xa;	at com.kms.katalon.core.webui.keyword.builtin.VerifyTextPresentKeyword.execute(VerifyTextPresentKeyword.groovy:68)&#xa;	at com.kms.katalon.core.keyword.internal.KeywordExecutor.executeKeywordForPlatform(KeywordExecutor.groovy:103)&#xa;	at com.kms.katalon.core.webui.keyword.WebUiBuiltInKeywords.verifyTextPresent(WebUiBuiltInKeywords.groovy:1825)&#xa;	at Script178070060102.run(Script178070060102.groovy:20)&#xa;	at com.kms.katalon.core.main.ScriptEngine.run(ScriptEngine.java:203)&#xa;	at com.kms.katalon.core.main.ScriptEngine.runScriptAsRawText(ScriptEngine.java:115)&#xa;	at com.kms.katalon.core.main.TestCaseExecutor.runScript(TestCaseExecutor.java:506)&#xa;	at com.kms.katalon.core.main.TestCaseExecutor.doExecute(TestCaseExecutor.java:497)&#xa;	at com.kms.katalon.core.main.TestCaseExecutor.processExecutionPhase(TestCaseExecutor.java:476)&#xa;	at com.kms.katalon.core.main.TestCaseExecutor.accessMainPhase(TestCaseExecutor.java:468)&#xa;	at com.kms.katalon.core.main.TestCaseExecutor.execute(TestCaseExecutor.java:334)&#xa;	at com.kms.katalon.core.common.CommonExecutor.accessTestCaseMainPhase(CommonExecutor.java:71)&#xa;	at com.kms.katalon.core.main.TestSuiteExecutor.accessTestSuiteMainPhase(TestSuiteExecutor.java:153)&#xa;	at com.kms.katalon.core.main.TestSuiteExecutor.execute(TestSuiteExecutor.java:110)&#xa;	at com.kms.katalon.core.main.TestCaseMain.startTestSuite(TestCaseMain.java:206)&#xa;	at S0608_9.run(S0608_9.groovy:40)&#xa;	at java.base/jdk.internal.reflect.DirectMethodHandleAccessor.invoke(DirectMethodHandleAccessor.java:103)&#xa;Caused by: com.kms.katalon.core.exception.StepFailedException: Text '(?i)Non hai un account' is not present on page  using regular expression&#xa;	at com.kms.katalon.core.webui.keyword.internal.WebUIKeywordMain.stepFailed(WebUIKeywordMain.groovy:177)&#xa;	at com.kms.katalon.core.webui.keyword.builtin.VerifyTextPresentKeyword$_verifyTextPresent_closure1.doCall(VerifyTextPresentKeyword.groovy:79)&#xa;	at com.kms.katalon.core.webui.keyword.builtin.VerifyTextPresentKeyword$_verifyTextPresent_closure1.call(VerifyTextPresentKeyword.groovy)&#xa;	at com.kms.katalon.core.webui.keyword.internal.WebUIKeywordMain.runKeyword(WebUIKeywordMain.groovy:41)&#xa;	... 18 more&#xa;"/>
         <system-out><![CDATA[08-06-2026T20:30:14 - [TEST_CASE][FAILED] - Test Cases/Ordine/TC_6.1_2: Test Cases/Ordine/TC_6.1_2 FAILED.
Reason:
com.kms.katalon.core.exception.StepFailedException: Unable to verify text '(?i)Non hai un account' is present  using regular expression
	at com.kms.katalon.core.webui.keyword.internal.WebUIKeywordMain.stepFailed(WebUIKeywordMain.groovy:177)
	at com.kms.katalon.core.webui.keyword.internal.WebUIKeywordMain.runKeyword(WebUIKeywordMain.groovy:49)
	at com.kms.katalon.core.webui.keyword.builtin.VerifyTextPresentKeyword.verifyTextPresent(VerifyTextPresentKeyword.groovy:83)
	at com.kms.katalon.core.webui.keyword.builtin.VerifyTextPresentKeyword.execute(VerifyTextPresentKeyword.groovy:68)
	at com.kms.katalon.core.keyword.internal.KeywordExecutor.executeKeywordForPlatform(KeywordExecutor.groovy:103)
	at com.kms.katalon.core.webui.keyword.WebUiBuiltInKeywords.verifyTextPresent(WebUiBuiltInKeywords.groovy:1825)
	at Script178070060102.run(Script178070060102.groovy:20)
	at com.kms.katalon.core.main.ScriptEngine.run(ScriptEngine.java:203)
	at com.kms.katalon.core.main.ScriptEngine.runScriptAsRawText(ScriptEngine.java:115)
	at com.kms.katalon.core.main.TestCaseExecutor.runScript(TestCaseExecutor.java:506)
	at com.kms.katalon.core.main.TestCaseExecutor.doExecute(TestCaseExecutor.java:497)
	at com.kms.katalon.core.main.TestCaseExecutor.processExecutionPhase(TestCaseExecutor.java:476)
	at com.kms.katalon.core.main.TestCaseExecutor.accessMainPhase(TestCaseExecutor.java:468)
	at com.kms.katalon.core.main.TestCaseExecutor.execute(TestCaseExecutor.java:334)
	at com.kms.katalon.core.common.CommonExecutor.accessTestCaseMainPhase(CommonExecutor.java:71)
	at com.kms.katalon.core.main.TestSuiteExecutor.accessTestSuiteMainPhase(TestSuiteExecutor.java:153)
	at com.kms.katalon.core.main.TestSuiteExecutor.execute(TestSuiteExecutor.java:110)
	at com.kms.katalon.core.main.TestCaseMain.startTestSuite(TestCaseMain.java:206)
	at S0608_9.run(S0608_9.groovy:40)
	at java.base/jdk.internal.reflect.DirectMethodHandleAccessor.invoke(DirectMethodHandleAccessor.java:103)
Caused by: com.kms.katalon.core.exception.StepFailedException: Text '(?i)Non hai un account' is not present on page  using regular expression
	at com.kms.katalon.core.webui.keyword.internal.WebUIKeywordMain.stepFailed(WebUIKeywordMain.groovy:177)
	at com.kms.katalon.core.webui.keyword.builtin.VerifyTextPresentKeyword$_verifyTextPresent_closure1.doCall(VerifyTextPresentKeyword.groovy:79)
	at com.kms.katalon.core.webui.keyword.builtin.VerifyTextPresentKeyword$_verifyTextPresent_closure1.call(VerifyTextPresentKeyword.groovy)
	at com.kms.katalon.core.webui.keyword.internal.WebUIKeywordMain.runKeyword(WebUIKeywordMain.groovy:41)
	... 18 more


08-06-2026T20:30:14 - [TEST_STEP][PASSED] - Start listener action : resetSeedBeforeTestCase: Seed ripristinato prima di: Test Cases/Ordine/TC_6.1_2

08-06-2026T20:30:14 - [TEST_STEP][PASSED] - if (resetSeed == false): null

08-06-2026T20:30:14 - [TEST_STEP][PASSED] - projectDir = getProjectDir(): null

08-06-2026T20:30:14 - [TEST_STEP][PASSED] - script = new java.io.File(projectDir, Data Files/reset-seed.sql): null

08-06-2026T20:30:14 - [TEST_STEP][PASSED] - if (!(script.exists())): null

08-06-2026T20:30:14 - [TEST_STEP][PASSED] - cmd = [mysqlExe, "--user=" + dbUser, "--password=" + dbPass, dbName]: null

08-06-2026T20:30:14 - [TEST_STEP][PASSED] - log = new java.io.File(java.lang.System.getProperty(java.io.tmpdir), seedreset.log): null

08-06-2026T20:30:14 - [TEST_STEP][PASSED] - pb = new java.lang.ProcessBuilder(cmd): null

08-06-2026T20:30:14 - [TEST_STEP][PASSED] - pb.redirectInput(script): null

08-06-2026T20:30:14 - [TEST_STEP][PASSED] - pb.redirectErrorStream(true): null

08-06-2026T20:30:14 - [TEST_STEP][PASSED] - pb.redirectOutput(log): null

08-06-2026T20:30:14 - [TEST_STEP][PASSED] - p = pb.start(): null

08-06-2026T20:30:14 - [TEST_STEP][PASSED] - finished = p.waitFor(20, SECONDS): null

08-06-2026T20:30:14 - [TEST_STEP][PASSED] - if (!(finished)): null

08-06-2026T20:30:14 - [TEST_STEP][PASSED] - code = p.exitValue(): null

08-06-2026T20:30:14 - [TEST_STEP][PASSED] - if (code != 0): null

08-06-2026T20:30:14 - [TEST_STEP][PASSED] - else: Seed ripristinato prima di: Test Cases/Ordine/TC_6.1_2

08-06-2026T20:30:14 - [TEST_STEP][PASSED] - logInfo("Seed ripristinato prima di: " + context.getTestCaseId()): Seed ripristinato prima di: Test Cases/Ordine/TC_6.1_2

08-06-2026T20:30:14 - [MESSAGE][INFO] - Seed ripristinato prima di: Test Cases/Ordine/TC_6.1_2

08-06-2026T20:30:14 - [TEST_STEP][PASSED] - openBrowser(""): Browser is opened with url: ''

08-06-2026T20:30:14 - [MESSAGE][INFO] - Starting 'Chrome' driver

08-06-2026T20:30:14 - [MESSAGE][INFO] - Action delay is set to 0 milliseconds

08-06-2026T20:30:15 - [MESSAGE][PASSED] - Browser is opened with url: ''

08-06-2026T20:30:15 - [TEST_STEP][PASSED] - navigateToUrl(base + "checkout.jsp"): Navigate to 'http://localhost:8080/Vaporant_IGES_war_exploded/checkout.jsp' successfully

08-06-2026T20:30:15 - [MESSAGE][PASSED] - Navigate to 'http://localhost:8080/Vaporant_IGES_war_exploded/checkout.jsp' successfully

08-06-2026T20:30:15 - [TEST_STEP][PASSED] - delay(2): Delayed 2 second(s)

08-06-2026T20:30:17 - [MESSAGE][PASSED] - Delayed 2 second(s)

08-06-2026T20:30:17 - [TEST_STEP][PASSED] - takeScreenshot(): Taking screenshot successfully

08-06-2026T20:30:17 - [MESSAGE][PASSED] - Taking screenshot successfully
[[ATTACHMENT|C:\\Users\\gianf\\Documents\\Vaporant-IGES\\StorageSession\\testing\\katalon\\Vaporant-Baseline\\Reports\\20260608_202946\\Ordine\\20260608_202946\\1780943417251.png]]

08-06-2026T20:30:17 - [TEST_STEP][FAILED] - verifyTextPresent("(?i)Non hai un account", true): Unable to verify text '(?i)Non hai un account' is present  using regular expression (Root cause: com.kms.katalon.core.exception.StepFailedException: Unable to verify text '(?i)Non hai un account' is present  using regular expression
	at com.kms.katalon.core.webui.keyword.internal.WebUIKeywordMain.stepFailed(WebUIKeywordMain.groovy:177)
	at com.kms.katalon.core.webui.keyword.internal.WebUIKeywordMain.runKeyword(WebUIKeywordMain.groovy:49)
	at com.kms.katalon.core.webui.keyword.builtin.VerifyTextPresentKeyword.verifyTextPresent(VerifyTextPresentKeyword.groovy:83)
	at com.kms.katalon.core.webui.keyword.builtin.VerifyTextPresentKeyword.execute(VerifyTextPresentKeyword.groovy:68)
	at com.kms.katalon.core.keyword.internal.KeywordExecutor.executeKeywordForPlatform(KeywordExecutor.groovy:103)
	at com.kms.katalon.core.webui.keyword.WebUiBuiltInKeywords.verifyTextPresent(WebUiBuiltInKeywords.groovy:1825)
	at Script178070060102.run(Script178070060102.groovy:20)
	at com.kms.katalon.core.main.ScriptEngine.run(ScriptEngine.java:203)
	at com.kms.katalon.core.main.ScriptEngine.runScriptAsRawText(ScriptEngine.java:115)
	at com.kms.katalon.core.main.TestCaseExecutor.runScript(TestCaseExecutor.java:506)
	at com.kms.katalon.core.main.TestCaseExecutor.doExecute(TestCaseExecutor.java:497)
	at com.kms.katalon.core.main.TestCaseExecutor.processExecutionPhase(TestCaseExecutor.java:476)
	at com.kms.katalon.core.main.TestCaseExecutor.accessMainPhase(TestCaseExecutor.java:468)
	at com.kms.katalon.core.main.TestCaseExecutor.execute(TestCaseExecutor.java:334)
	at com.kms.katalon.core.common.CommonExecutor.accessTestCaseMainPhase(CommonExecutor.java:71)
	at com.kms.katalon.core.main.TestSuiteExecutor.accessTestSuiteMainPhase(TestSuiteExecutor.java:153)
	at com.kms.katalon.core.main.TestSuiteExecutor.execute(TestSuiteExecutor.java:110)
	at com.kms.katalon.core.main.TestCaseMain.startTestSuite(TestCaseMain.java:206)
	at S0608_9.run(S0608_9.groovy:40)
	at java.base/jdk.internal.reflect.DirectMethodHandleAccessor.invoke(DirectMethodHandleAccessor.java:103)
Caused by: com.kms.katalon.core.exception.StepFailedException: Text '(?i)Non hai un account' is not present on page  using regular expression
	at com.kms.katalon.core.webui.keyword.internal.WebUIKeywordMain.stepFailed(WebUIKeywordMain.groovy:177)
	at com.kms.katalon.core.webui.keyword.builtin.VerifyTextPresentKeyword$_verifyTextPresent_closure1.doCall(VerifyTextPresentKeyword.groovy:79)
	at com.kms.katalon.core.webui.keyword.builtin.VerifyTextPresentKeyword$_verifyTextPresent_closure1.call(VerifyTextPresentKeyword.groovy)
	at com.kms.katalon.core.webui.keyword.internal.WebUIKeywordMain.runKeyword(WebUIKeywordMain.groovy:41)
	... 18 more
)

08-06-2026T20:30:17 - [MESSAGE][FAILED] - Text '(?i)Non hai un account' is not present on page  using regular expression (Root cause: com.kms.katalon.core.exception.StepFailedException: Text '(?i)Non hai un account' is not present on page  using regular expression
	at com.kms.katalon.core.webui.keyword.internal.WebUIKeywordMain.stepFailed(WebUIKeywordMain.groovy:177)
	at com.kms.katalon.core.webui.keyword.builtin.VerifyTextPresentKeyword$_verifyTextPresent_closure1.doCall(VerifyTextPresentKeyword.groovy:79)
	at com.kms.katalon.core.webui.keyword.builtin.VerifyTextPresentKeyword$_verifyTextPresent_closure1.call(VerifyTextPresentKeyword.groovy)
	at com.kms.katalon.core.webui.keyword.internal.WebUIKeywordMain.runKeyword(WebUIKeywordMain.groovy:41)
	at com.kms.katalon.core.webui.keyword.builtin.VerifyTextPresentKeyword.verifyTextPresent(VerifyTextPresentKeyword.groovy:83)
	at com.kms.katalon.core.webui.keyword.builtin.VerifyTextPresentKeyword.execute(VerifyTextPresentKeyword.groovy:68)
	at com.kms.katalon.core.keyword.internal.KeywordExecutor.executeKeywordForPlatform(KeywordExecutor.groovy:103)
	at com.kms.katalon.core.webui.keyword.WebUiBuiltInKeywords.verifyTextPresent(WebUiBuiltInKeywords.groovy:1825)
	at Script178070060102.run(Script178070060102.groovy:20)
	at com.kms.katalon.core.main.ScriptEngine.run(ScriptEngine.java:203)
	at com.kms.katalon.core.main.ScriptEngine.runScriptAsRawText(ScriptEngine.java:115)
	at com.kms.katalon.core.main.TestCaseExecutor.runScript(TestCaseExecutor.java:506)
	at com.kms.katalon.core.main.TestCaseExecutor.doExecute(TestCaseExecutor.java:497)
	at com.kms.katalon.core.main.TestCaseExecutor.processExecutionPhase(TestCaseExecutor.java:476)
	at com.kms.katalon.core.main.TestCaseExecutor.accessMainPhase(TestCaseExecutor.java:468)
	at com.kms.katalon.core.main.TestCaseExecutor.execute(TestCaseExecutor.java:334)
	at com.kms.katalon.core.common.CommonExecutor.accessTestCaseMainPhase(CommonExecutor.java:71)
	at com.kms.katalon.core.main.TestSuiteExecutor.accessTestSuiteMainPhase(TestSuiteExecutor.java:153)
	at com.kms.katalon.core.main.TestSuiteExecutor.execute(TestSuiteExecutor.java:110)
	at com.kms.katalon.core.main.TestCaseMain.startTestSuite(TestCaseMain.java:206)
	at S0608_9.run(S0608_9.groovy:40)
	at java.base/jdk.internal.reflect.DirectMethodHandleAccessor.invoke(DirectMethodHandleAccessor.java:103)
)

08-06-2026T20:30:17 - [MESSAGE][FAILED] - Unable to verify text '(?i)Non hai un account' is present  using regular expression (Root cause: com.kms.katalon.core.exception.StepFailedException: Unable to verify text '(?i)Non hai un account' is present  using regular expression
	at com.kms.katalon.core.webui.keyword.internal.WebUIKeywordMain.stepFailed(WebUIKeywordMain.groovy:177)
	at com.kms.katalon.core.webui.keyword.internal.WebUIKeywordMain.runKeyword(WebUIKeywordMain.groovy:49)
	at com.kms.katalon.core.webui.keyword.builtin.VerifyTextPresentKeyword.verifyTextPresent(VerifyTextPresentKeyword.groovy:83)
	at com.kms.katalon.core.webui.keyword.builtin.VerifyTextPresentKeyword.execute(VerifyTextPresentKeyword.groovy:68)
	at com.kms.katalon.core.keyword.internal.KeywordExecutor.executeKeywordForPlatform(KeywordExecutor.groovy:103)
	at com.kms.katalon.core.webui.keyword.WebUiBuiltInKeywords.verifyTextPresent(WebUiBuiltInKeywords.groovy:1825)
	at Script178070060102.run(Script178070060102.groovy:20)
	at com.kms.katalon.core.main.ScriptEngine.run(ScriptEngine.java:203)
	at com.kms.katalon.core.main.ScriptEngine.runScriptAsRawText(ScriptEngine.java:115)
	at com.kms.katalon.core.main.TestCaseExecutor.runScript(TestCaseExecutor.java:506)
	at com.kms.katalon.core.main.TestCaseExecutor.doExecute(TestCaseExecutor.java:497)
	at com.kms.katalon.core.main.TestCaseExecutor.processExecutionPhase(TestCaseExecutor.java:476)
	at com.kms.katalon.core.main.TestCaseExecutor.accessMainPhase(TestCaseExecutor.java:468)
	at com.kms.katalon.core.main.TestCaseExecutor.execute(TestCaseExecutor.java:334)
	at com.kms.katalon.core.common.CommonExecutor.accessTestCaseMainPhase(CommonExecutor.java:71)
	at com.kms.katalon.core.main.TestSuiteExecutor.accessTestSuiteMainPhase(TestSuiteExecutor.java:153)
	at com.kms.katalon.core.main.TestSuiteExecutor.execute(TestSuiteExecutor.java:110)
	at com.kms.katalon.core.main.TestCaseMain.startTestSuite(TestCaseMain.java:206)
	at S0608_9.run(S0608_9.groovy:40)
	at java.base/jdk.internal.reflect.DirectMethodHandleAccessor.invoke(DirectMethodHandleAccessor.java:103)
Caused by: com.kms.katalon.core.exception.StepFailedException: Text '(?i)Non hai un account' is not present on page  using regular expression
	at com.kms.katalon.core.webui.keyword.internal.WebUIKeywordMain.stepFailed(WebUIKeywordMain.groovy:177)
	at com.kms.katalon.core.webui.keyword.builtin.VerifyTextPresentKeyword$_verifyTextPresent_closure1.doCall(VerifyTextPresentKeyword.groovy:79)
	at com.kms.katalon.core.webui.keyword.builtin.VerifyTextPresentKeyword$_verifyTextPresent_closure1.call(VerifyTextPresentKeyword.groovy)
	at com.kms.katalon.core.webui.keyword.internal.WebUIKeywordMain.runKeyword(WebUIKeywordMain.groovy:41)
	... 18 more
)
[[ATTACHMENT|C:\\Users\\gianf\\Documents\\Vaporant-IGES\\StorageSession\\testing\\katalon\\Vaporant-Baseline\\Reports\\20260608_202946\\Ordine\\20260608_202946\\1780943417816.png]]]]></system-out>
         <system-err><![CDATA[08-06-2026T20:30:14 - [TEST_CASE][FAILED] - Test Cases/Ordine/TC_6.1_2: Test Cases/Ordine/TC_6.1_2 FAILED.
Reason:
com.kms.katalon.core.exception.StepFailedException: Unable to verify text '(?i)Non hai un account' is present  using regular expression
	at com.kms.katalon.core.webui.keyword.internal.WebUIKeywordMain.stepFailed(WebUIKeywordMain.groovy:177)
	at com.kms.katalon.core.webui.keyword.internal.WebUIKeywordMain.runKeyword(WebUIKeywordMain.groovy:49)
	at com.kms.katalon.core.webui.keyword.builtin.VerifyTextPresentKeyword.verifyTextPresent(VerifyTextPresentKeyword.groovy:83)
	at com.kms.katalon.core.webui.keyword.builtin.VerifyTextPresentKeyword.execute(VerifyTextPresentKeyword.groovy:68)
	at com.kms.katalon.core.keyword.internal.KeywordExecutor.executeKeywordForPlatform(KeywordExecutor.groovy:103)
	at com.kms.katalon.core.webui.keyword.WebUiBuiltInKeywords.verifyTextPresent(WebUiBuiltInKeywords.groovy:1825)
	at Script178070060102.run(Script178070060102.groovy:20)
	at com.kms.katalon.core.main.ScriptEngine.run(ScriptEngine.java:203)
	at com.kms.katalon.core.main.ScriptEngine.runScriptAsRawText(ScriptEngine.java:115)
	at com.kms.katalon.core.main.TestCaseExecutor.runScript(TestCaseExecutor.java:506)
	at com.kms.katalon.core.main.TestCaseExecutor.doExecute(TestCaseExecutor.java:497)
	at com.kms.katalon.core.main.TestCaseExecutor.processExecutionPhase(TestCaseExecutor.java:476)
	at com.kms.katalon.core.main.TestCaseExecutor.accessMainPhase(TestCaseExecutor.java:468)
	at com.kms.katalon.core.main.TestCaseExecutor.execute(TestCaseExecutor.java:334)
	at com.kms.katalon.core.common.CommonExecutor.accessTestCaseMainPhase(CommonExecutor.java:71)
	at com.kms.katalon.core.main.TestSuiteExecutor.accessTestSuiteMainPhase(TestSuiteExecutor.java:153)
	at com.kms.katalon.core.main.TestSuiteExecutor.execute(TestSuiteExecutor.java:110)
	at com.kms.katalon.core.main.TestCaseMain.startTestSuite(TestCaseMain.java:206)
	at S0608_9.run(S0608_9.groovy:40)
	at java.base/jdk.internal.reflect.DirectMethodHandleAccessor.invoke(DirectMethodHandleAccessor.java:103)
Caused by: com.kms.katalon.core.exception.StepFailedException: Text '(?i)Non hai un account' is not present on page  using regular expression
	at com.kms.katalon.core.webui.keyword.internal.WebUIKeywordMain.stepFailed(WebUIKeywordMain.groovy:177)
	at com.kms.katalon.core.webui.keyword.builtin.VerifyTextPresentKeyword$_verifyTextPresent_closure1.doCall(VerifyTextPresentKeyword.groovy:79)
	at com.kms.katalon.core.webui.keyword.builtin.VerifyTextPresentKeyword$_verifyTextPresent_closure1.call(VerifyTextPresentKeyword.groovy)
	at com.kms.katalon.core.webui.keyword.internal.WebUIKeywordMain.runKeyword(WebUIKeywordMain.groovy:41)
	... 18 more]]></system-err>
      </testcase>
      <testcase name="Test Cases/Ordine/TC_6.1_3" time="11.206" classname="Test Cases/Ordine/TC_6.1_3" status="PASSED">
         <system-out><![CDATA[08-06-2026T20:30:17 - [TEST_CASE][PASSED] - Test Cases/Ordine/TC_6.1_3: Test Cases/Ordine/TC_6.1_3

08-06-2026T20:30:17 - [TEST_STEP][PASSED] - Start listener action : resetSeedBeforeTestCase: Seed ripristinato prima di: Test Cases/Ordine/TC_6.1_3

08-06-2026T20:30:17 - [TEST_STEP][PASSED] - if (resetSeed == false): null

08-06-2026T20:30:17 - [TEST_STEP][PASSED] - projectDir = getProjectDir(): null

08-06-2026T20:30:17 - [TEST_STEP][PASSED] - script = new java.io.File(projectDir, Data Files/reset-seed.sql): null

08-06-2026T20:30:17 - [TEST_STEP][PASSED] - if (!(script.exists())): null

08-06-2026T20:30:17 - [TEST_STEP][PASSED] - cmd = [mysqlExe, "--user=" + dbUser, "--password=" + dbPass, dbName]: null

08-06-2026T20:30:17 - [TEST_STEP][PASSED] - log = new java.io.File(java.lang.System.getProperty(java.io.tmpdir), seedreset.log): null

08-06-2026T20:30:17 - [TEST_STEP][PASSED] - pb = new java.lang.ProcessBuilder(cmd): null

08-06-2026T20:30:17 - [TEST_STEP][PASSED] - pb.redirectInput(script): null

08-06-2026T20:30:17 - [TEST_STEP][PASSED] - pb.redirectErrorStream(true): null

08-06-2026T20:30:17 - [TEST_STEP][PASSED] - pb.redirectOutput(log): null

08-06-2026T20:30:17 - [TEST_STEP][PASSED] - p = pb.start(): null

08-06-2026T20:30:17 - [TEST_STEP][PASSED] - finished = p.waitFor(20, SECONDS): null

08-06-2026T20:30:17 - [TEST_STEP][PASSED] - if (!(finished)): null

08-06-2026T20:30:17 - [TEST_STEP][PASSED] - code = p.exitValue(): null

08-06-2026T20:30:17 - [TEST_STEP][PASSED] - if (code != 0): null

08-06-2026T20:30:17 - [TEST_STEP][PASSED] - else: Seed ripristinato prima di: Test Cases/Ordine/TC_6.1_3

08-06-2026T20:30:17 - [TEST_STEP][PASSED] - logInfo("Seed ripristinato prima di: " + context.getTestCaseId()): Seed ripristinato prima di: Test Cases/Ordine/TC_6.1_3

08-06-2026T20:30:17 - [MESSAGE][INFO] - Seed ripristinato prima di: Test Cases/Ordine/TC_6.1_3

08-06-2026T20:30:18 - [TEST_STEP][PASSED] - openBrowser(""): Browser is opened with url: ''

08-06-2026T20:30:18 - [MESSAGE][WARNING] - A browser is already opened. Closing browser and opening a new one

08-06-2026T20:30:18 - [MESSAGE][INFO] - Starting 'Chrome' driver

08-06-2026T20:30:18 - [MESSAGE][INFO] - Action delay is set to 0 milliseconds

08-06-2026T20:30:18 - [MESSAGE][PASSED] - Browser is opened with url: ''

08-06-2026T20:30:18 - [TEST_STEP][PASSED] - navigateToUrl(base + "SignForm.jsp"): Navigate to 'http://localhost:8080/Vaporant_IGES_war_exploded/SignForm.jsp' successfully

08-06-2026T20:30:19 - [MESSAGE][PASSED] - Navigate to 'http://localhost:8080/Vaporant_IGES_war_exploded/SignForm.jsp' successfully

08-06-2026T20:30:19 - [TEST_STEP][PASSED] - executeJavaScript("document.getElementById('nome').value='Cliente';" + "document.getElementById('cognome').value='SenzaIndirizzo';" + "document.getElementById('data_nascita').value='1999-01-01';" + "document.getElementById('codice_fiscale').value='CLTSNI99A01F839X';" + "document.getElementById('telefono').value='3310000001';" + "document.getElementById('email').value='nessun.indirizzo@example.com';" + "document.getElementById('password').value='Password1';", null): Execute JavaScript 'document.getElementById('nome').value='Cliente';document.getElementById('cognome').value='SenzaIndirizzo';document.getElementById('data_nascita').value='1999-01-01';document.getElementById('codice_fiscale').value='CLTSNI99A01F839X';document.getElementById('telefono').value='3310000001';document.getElementById('email').value='nessun.indirizzo@example.com';document.getElementById('password').value='Password1';' successfully

08-06-2026T20:30:19 - [MESSAGE][PASSED] - Execute JavaScript 'document.getElementById('nome').value='Cliente';document.getElementById('cognome').value='SenzaIndirizzo';document.getElementById('data_nascita').value='1999-01-01';document.getElementById('codice_fiscale').value='CLTSNI99A01F839X';document.getElementById('telefono').value='3310000001';document.getElementById('email').value='nessun.indirizzo@example.com';document.getElementById('password').value='Password1';' successfully

08-06-2026T20:30:19 - [TEST_STEP][PASSED] - click(css("#submit")): null

08-06-2026T20:30:19 - [TEST_STEP][PASSED] - t = new com.kms.katalon.core.testobject.TestObject(sel): null

08-06-2026T20:30:19 - [TEST_STEP][PASSED] - t.addProperty("css", EQUALS, sel): null

08-06-2026T20:30:19 - [TEST_STEP][PASSED] - return t: Object: '#submit' is clicked on

08-06-2026T20:30:19 - [MESSAGE][PASSED] - Object: '#submit' is clicked on

08-06-2026T20:30:19 - [TEST_STEP][PASSED] - delay(2): Delayed 2 second(s)

08-06-2026T20:30:21 - [MESSAGE][PASSED] - Delayed 2 second(s)

08-06-2026T20:30:21 - [TEST_STEP][PASSED] - setText(css("#email"), "nessun.indirizzo@example.com"): null

08-06-2026T20:30:21 - [TEST_STEP][PASSED] - t = new com.kms.katalon.core.testobject.TestObject(sel): null

08-06-2026T20:30:21 - [TEST_STEP][PASSED] - t.addProperty("css", EQUALS, sel): null

08-06-2026T20:30:21 - [TEST_STEP][PASSED] - return t: Text 'nessun.indirizzo@example.com' is set on object '#email'

08-06-2026T20:30:22 - [MESSAGE][PASSED] - Text 'nessun.indirizzo@example.com' is set on object '#email'

08-06-2026T20:30:22 - [TEST_STEP][PASSED] - setText(css("#password"), "Password1"): null

08-06-2026T20:30:22 - [TEST_STEP][PASSED] - t = new com.kms.katalon.core.testobject.TestObject(sel): null

08-06-2026T20:30:22 - [TEST_STEP][PASSED] - t.addProperty("css", EQUALS, sel): null

08-06-2026T20:30:22 - [TEST_STEP][PASSED] - return t: Text 'Password1' is set on object '#password'

08-06-2026T20:30:22 - [MESSAGE][PASSED] - Text 'Password1' is set on object '#password'

08-06-2026T20:30:22 - [TEST_STEP][PASSED] - click(css("#submit")): null

08-06-2026T20:30:22 - [TEST_STEP][PASSED] - t = new com.kms.katalon.core.testobject.TestObject(sel): null

08-06-2026T20:30:22 - [TEST_STEP][PASSED] - t.addProperty("css", EQUALS, sel): null

08-06-2026T20:30:22 - [TEST_STEP][PASSED] - return t: Object: '#submit' is clicked on

08-06-2026T20:30:23 - [MESSAGE][PASSED] - Object: '#submit' is clicked on

08-06-2026T20:30:23 - [TEST_STEP][PASSED] - delay(2): Delayed 2 second(s)

08-06-2026T20:30:25 - [MESSAGE][PASSED] - Delayed 2 second(s)

08-06-2026T20:30:25 - [TEST_STEP][PASSED] - navigateToUrl(base + "cart?action=addC&id=2"): Navigate to 'http://localhost:8080/Vaporant_IGES_war_exploded/cart?action=addC&id=2' successfully

08-06-2026T20:30:25 - [MESSAGE][PASSED] - Navigate to 'http://localhost:8080/Vaporant_IGES_war_exploded/cart?action=addC&id=2' successfully

08-06-2026T20:30:25 - [TEST_STEP][PASSED] - delay(1): Delayed 1 second(s)

08-06-2026T20:30:26 - [MESSAGE][PASSED] - Delayed 1 second(s)

08-06-2026T20:30:26 - [TEST_STEP][PASSED] - navigateToUrl(base + "checkout.jsp"): Navigate to 'http://localhost:8080/Vaporant_IGES_war_exploded/checkout.jsp' successfully

08-06-2026T20:30:26 - [MESSAGE][PASSED] - Navigate to 'http://localhost:8080/Vaporant_IGES_war_exploded/checkout.jsp' successfully

08-06-2026T20:30:26 - [TEST_STEP][PASSED] - delay(2): Delayed 2 second(s)

08-06-2026T20:30:28 - [MESSAGE][PASSED] - Delayed 2 second(s)

08-06-2026T20:30:28 - [TEST_STEP][PASSED] - takeScreenshot(): Taking screenshot successfully

08-06-2026T20:30:28 - [MESSAGE][PASSED] - Taking screenshot successfully
[[ATTACHMENT|C:\\Users\\gianf\\Documents\\Vaporant-IGES\\StorageSession\\testing\\katalon\\Vaporant-Baseline\\Reports\\20260608_202946\\Ordine\\20260608_202946\\1780943428424.png]]

08-06-2026T20:30:28 - [TEST_STEP][PASSED] - verifyTextPresent("(?i)Aggiungi indirizzo", true): Text '(?i)Aggiungi indirizzo' is present on page  using regular expression

08-06-2026T20:30:28 - [MESSAGE][PASSED] - Text '(?i)Aggiungi indirizzo' is present on page  using regular expression

08-06-2026T20:30:28 - [TEST_STEP][PASSED] - closeBrowser(): Browser is closed

08-06-2026T20:30:29 - [MESSAGE][PASSED] - Browser is closed]]></system-out>
         <system-err><![CDATA[]]></system-err>
      </testcase>
      <testcase name="Test Cases/Ordine/TC_6.1_4" time="7.661" classname="Test Cases/Ordine/TC_6.1_4" status="FAILED">
         <failure type="FAILED" message="Test Cases/Ordine/TC_6.1_4 FAILED.&#xa;Reason:&#xa;com.kms.katalon.core.exception.StepFailedException: Text '(?i)Acquista' is not present on page  using regular expression (Root cause: com.kms.katalon.core.exception.StepFailedException: Text '(?i)Acquista' is not present on page  using regular expression&#xa;	at com.kms.katalon.core.webui.keyword.internal.WebUIKeywordMain.stepFailed(WebUIKeywordMain.groovy:177)&#xa;	at com.kms.katalon.core.webui.keyword.builtin.VerifyTextPresentKeyword$_verifyTextPresent_closure1.doCall(VerifyTextPresentKeyword.groovy:79)&#xa;	at com.kms.katalon.core.webui.keyword.builtin.VerifyTextPresentKeyword$_verifyTextPresent_closure1.call(VerifyTextPresentKeyword.groovy)&#xa;	at com.kms.katalon.core.webui.keyword.internal.WebUIKeywordMain.runKeyword(WebUIKeywordMain.groovy:41)&#xa;	at com.kms.katalon.core.webui.keyword.builtin.VerifyTextPresentKeyword.verifyTextPresent(VerifyTextPresentKeyword.groovy:83)&#xa;	at com.kms.katalon.core.webui.keyword.builtin.VerifyTextPresentKeyword.execute(VerifyTextPresentKeyword.groovy:68)&#xa;	at com.kms.katalon.core.keyword.internal.KeywordExecutor.executeKeywordForPlatform(KeywordExecutor.groovy:103)&#xa;	at com.kms.katalon.core.webui.keyword.WebUiBuiltInKeywords.verifyTextPresent(WebUiBuiltInKeywords.groovy:1809)&#xa;	at Script178070060104.run(Script178070060104.groovy:28)&#xa;	at com.kms.katalon.core.main.ScriptEngine.run(ScriptEngine.java:203)&#xa;	at com.kms.katalon.core.main.ScriptEngine.runScriptAsRawText(ScriptEngine.java:115)&#xa;	at com.kms.katalon.core.main.TestCaseExecutor.runScript(TestCaseExecutor.java:506)&#xa;	at com.kms.katalon.core.main.TestCaseExecutor.doExecute(TestCaseExecutor.java:497)&#xa;	at com.kms.katalon.core.main.TestCaseExecutor.processExecutionPhase(TestCaseExecutor.java:476)&#xa;	at com.kms.katalon.core.main.TestCaseExecutor.accessMainPhase(TestCaseExecutor.java:468)&#xa;	at com.kms.katalon.core.main.TestCaseExecutor.execute(TestCaseExecutor.java:334)&#xa;	at com.kms.katalon.core.common.CommonExecutor.accessTestCaseMainPhase(CommonExecutor.java:71)&#xa;	at com.kms.katalon.core.main.TestSuiteExecutor.accessTestSuiteMainPhase(TestSuiteExecutor.java:153)&#xa;	at com.kms.katalon.core.main.TestSuiteExecutor.execute(TestSuiteExecutor.java:110)&#xa;	at com.kms.katalon.core.main.TestCaseMain.startTestSuite(TestCaseMain.java:206)&#xa;	at S0608_9.run(S0608_9.groovy:40)&#xa;	at java.base/jdk.internal.reflect.DirectMethodHandleAccessor.invoke(DirectMethodHandleAccessor.java:103)&#xa;)&#xa;	at com.kms.katalon.core.keyword.internal.KeywordMain.stepFailed(KeywordMain.groovy:39)&#xa;	at com.kms.katalon.core.webui.keyword.internal.WebUIKeywordMain.stepFailed(WebUIKeywordMain.groovy:177)&#xa;	at com.kms.katalon.core.webui.keyword.builtin.VerifyTextPresentKeyword$_verifyTextPresent_closure1.doCall(VerifyTextPresentKeyword.groovy:79)&#xa;	at com.kms.katalon.core.webui.keyword.builtin.VerifyTextPresentKeyword$_verifyTextPresent_closure1.call(VerifyTextPresentKeyword.groovy)&#xa;	at com.kms.katalon.core.webui.keyword.internal.WebUIKeywordMain.runKeyword(WebUIKeywordMain.groovy:41)&#xa;	at com.kms.katalon.core.webui.keyword.builtin.VerifyTextPresentKeyword.verifyTextPresent(VerifyTextPresentKeyword.groovy:83)&#xa;	at com.kms.katalon.core.webui.keyword.builtin.VerifyTextPresentKeyword.execute(VerifyTextPresentKeyword.groovy:68)&#xa;	at com.kms.katalon.core.keyword.internal.KeywordExecutor.executeKeywordForPlatform(KeywordExecutor.groovy:103)&#xa;	at com.kms.katalon.core.webui.keyword.WebUiBuiltInKeywords.verifyTextPresent(WebUiBuiltInKeywords.groovy:1809)&#xa;	at Script178070060104.run(Script178070060104.groovy:28)&#xa;	at com.kms.katalon.core.main.ScriptEngine.run(ScriptEngine.java:203)&#xa;	at com.kms.katalon.core.main.ScriptEngine.runScriptAsRawText(ScriptEngine.java:115)&#xa;	at com.kms.katalon.core.main.TestCaseExecutor.runScript(TestCaseExecutor.java:506)&#xa;	at com.kms.katalon.core.main.TestCaseExecutor.doExecute(TestCaseExecutor.java:497)&#xa;	at com.kms.katalon.core.main.TestCaseExecutor.processExecutionPhase(TestCaseExecutor.java:476)&#xa;	at com.kms.katalon.core.main.TestCaseExecutor.accessMainPhase(TestCaseExecutor.java:468)&#xa;	at com.kms.katalon.core.main.TestCaseExecutor.execute(TestCaseExecutor.java:334)&#xa;	at com.kms.katalon.core.common.CommonExecutor.accessTestCaseMainPhase(CommonExecutor.java:71)&#xa;	at com.kms.katalon.core.main.TestSuiteExecutor.accessTestSuiteMainPhase(TestSuiteExecutor.java:153)&#xa;	at com.kms.katalon.core.main.TestSuiteExecutor.execute(TestSuiteExecutor.java:110)&#xa;	at com.kms.katalon.core.main.TestCaseMain.startTestSuite(TestCaseMain.java:206)&#xa;	at S0608_9.run(S0608_9.groovy:40)&#xa;	at java.base/jdk.internal.reflect.DirectMethodHandleAccessor.invoke(DirectMethodHandleAccessor.java:103)&#xa;Caused by: com.kms.katalon.core.exception.StepFailedException: Text '(?i)Acquista' is not present on page  using regular expression&#xa;	... 22 more&#xa;"/>
         <system-out><![CDATA[08-06-2026T20:30:29 - [TEST_CASE][FAILED] - Test Cases/Ordine/TC_6.1_4: Test Cases/Ordine/TC_6.1_4 FAILED.
Reason:
com.kms.katalon.core.exception.StepFailedException: Text '(?i)Acquista' is not present on page  using regular expression (Root cause: com.kms.katalon.core.exception.StepFailedException: Text '(?i)Acquista' is not present on page  using regular expression
	at com.kms.katalon.core.webui.keyword.internal.WebUIKeywordMain.stepFailed(WebUIKeywordMain.groovy:177)
	at com.kms.katalon.core.webui.keyword.builtin.VerifyTextPresentKeyword$_verifyTextPresent_closure1.doCall(VerifyTextPresentKeyword.groovy:79)
	at com.kms.katalon.core.webui.keyword.builtin.VerifyTextPresentKeyword$_verifyTextPresent_closure1.call(VerifyTextPresentKeyword.groovy)
	at com.kms.katalon.core.webui.keyword.internal.WebUIKeywordMain.runKeyword(WebUIKeywordMain.groovy:41)
	at com.kms.katalon.core.webui.keyword.builtin.VerifyTextPresentKeyword.verifyTextPresent(VerifyTextPresentKeyword.groovy:83)
	at com.kms.katalon.core.webui.keyword.builtin.VerifyTextPresentKeyword.execute(VerifyTextPresentKeyword.groovy:68)
	at com.kms.katalon.core.keyword.internal.KeywordExecutor.executeKeywordForPlatform(KeywordExecutor.groovy:103)
	at com.kms.katalon.core.webui.keyword.WebUiBuiltInKeywords.verifyTextPresent(WebUiBuiltInKeywords.groovy:1809)
	at Script178070060104.run(Script178070060104.groovy:28)
	at com.kms.katalon.core.main.ScriptEngine.run(ScriptEngine.java:203)
	at com.kms.katalon.core.main.ScriptEngine.runScriptAsRawText(ScriptEngine.java:115)
	at com.kms.katalon.core.main.TestCaseExecutor.runScript(TestCaseExecutor.java:506)
	at com.kms.katalon.core.main.TestCaseExecutor.doExecute(TestCaseExecutor.java:497)
	at com.kms.katalon.core.main.TestCaseExecutor.processExecutionPhase(TestCaseExecutor.java:476)
	at com.kms.katalon.core.main.TestCaseExecutor.accessMainPhase(TestCaseExecutor.java:468)
	at com.kms.katalon.core.main.TestCaseExecutor.execute(TestCaseExecutor.java:334)
	at com.kms.katalon.core.common.CommonExecutor.accessTestCaseMainPhase(CommonExecutor.java:71)
	at com.kms.katalon.core.main.TestSuiteExecutor.accessTestSuiteMainPhase(TestSuiteExecutor.java:153)
	at com.kms.katalon.core.main.TestSuiteExecutor.execute(TestSuiteExecutor.java:110)
	at com.kms.katalon.core.main.TestCaseMain.startTestSuite(TestCaseMain.java:206)
	at S0608_9.run(S0608_9.groovy:40)
	at java.base/jdk.internal.reflect.DirectMethodHandleAccessor.invoke(DirectMethodHandleAccessor.java:103)
)
	at com.kms.katalon.core.keyword.internal.KeywordMain.stepFailed(KeywordMain.groovy:39)
	at com.kms.katalon.core.webui.keyword.internal.WebUIKeywordMain.stepFailed(WebUIKeywordMain.groovy:177)
	at com.kms.katalon.core.webui.keyword.builtin.VerifyTextPresentKeyword$_verifyTextPresent_closure1.doCall(VerifyTextPresentKeyword.groovy:79)
	at com.kms.katalon.core.webui.keyword.builtin.VerifyTextPresentKeyword$_verifyTextPresent_closure1.call(VerifyTextPresentKeyword.groovy)
	at com.kms.katalon.core.webui.keyword.internal.WebUIKeywordMain.runKeyword(WebUIKeywordMain.groovy:41)
	at com.kms.katalon.core.webui.keyword.builtin.VerifyTextPresentKeyword.verifyTextPresent(VerifyTextPresentKeyword.groovy:83)
	at com.kms.katalon.core.webui.keyword.builtin.VerifyTextPresentKeyword.execute(VerifyTextPresentKeyword.groovy:68)
	at com.kms.katalon.core.keyword.internal.KeywordExecutor.executeKeywordForPlatform(KeywordExecutor.groovy:103)
	at com.kms.katalon.core.webui.keyword.WebUiBuiltInKeywords.verifyTextPresent(WebUiBuiltInKeywords.groovy:1809)
	at Script178070060104.run(Script178070060104.groovy:28)
	at com.kms.katalon.core.main.ScriptEngine.run(ScriptEngine.java:203)
	at com.kms.katalon.core.main.ScriptEngine.runScriptAsRawText(ScriptEngine.java:115)
	at com.kms.katalon.core.main.TestCaseExecutor.runScript(TestCaseExecutor.java:506)
	at com.kms.katalon.core.main.TestCaseExecutor.doExecute(TestCaseExecutor.java:497)
	at com.kms.katalon.core.main.TestCaseExecutor.processExecutionPhase(TestCaseExecutor.java:476)
	at com.kms.katalon.core.main.TestCaseExecutor.accessMainPhase(TestCaseExecutor.java:468)
	at com.kms.katalon.core.main.TestCaseExecutor.execute(TestCaseExecutor.java:334)
	at com.kms.katalon.core.common.CommonExecutor.accessTestCaseMainPhase(CommonExecutor.java:71)
	at com.kms.katalon.core.main.TestSuiteExecutor.accessTestSuiteMainPhase(TestSuiteExecutor.java:153)
	at com.kms.katalon.core.main.TestSuiteExecutor.execute(TestSuiteExecutor.java:110)
	at com.kms.katalon.core.main.TestCaseMain.startTestSuite(TestCaseMain.java:206)
	at S0608_9.run(S0608_9.groovy:40)
	at java.base/jdk.internal.reflect.DirectMethodHandleAccessor.invoke(DirectMethodHandleAccessor.java:103)
Caused by: com.kms.katalon.core.exception.StepFailedException: Text '(?i)Acquista' is not present on page  using regular expression
	... 22 more


08-06-2026T20:30:29 - [TEST_STEP][PASSED] - Start listener action : resetSeedBeforeTestCase: Seed ripristinato prima di: Test Cases/Ordine/TC_6.1_4

08-06-2026T20:30:29 - [TEST_STEP][PASSED] - if (resetSeed == false): null

08-06-2026T20:30:29 - [TEST_STEP][PASSED] - projectDir = getProjectDir(): null

08-06-2026T20:30:29 - [TEST_STEP][PASSED] - script = new java.io.File(projectDir, Data Files/reset-seed.sql): null

08-06-2026T20:30:29 - [TEST_STEP][PASSED] - if (!(script.exists())): null

08-06-2026T20:30:29 - [TEST_STEP][PASSED] - cmd = [mysqlExe, "--user=" + dbUser, "--password=" + dbPass, dbName]: null

08-06-2026T20:30:29 - [TEST_STEP][PASSED] - log = new java.io.File(java.lang.System.getProperty(java.io.tmpdir), seedreset.log): null

08-06-2026T20:30:29 - [TEST_STEP][PASSED] - pb = new java.lang.ProcessBuilder(cmd): null

08-06-2026T20:30:29 - [TEST_STEP][PASSED] - pb.redirectInput(script): null

08-06-2026T20:30:29 - [TEST_STEP][PASSED] - pb.redirectErrorStream(true): null

08-06-2026T20:30:29 - [TEST_STEP][PASSED] - pb.redirectOutput(log): null

08-06-2026T20:30:29 - [TEST_STEP][PASSED] - p = pb.start(): null

08-06-2026T20:30:29 - [TEST_STEP][PASSED] - finished = p.waitFor(20, SECONDS): null

08-06-2026T20:30:29 - [TEST_STEP][PASSED] - if (!(finished)): null

08-06-2026T20:30:29 - [TEST_STEP][PASSED] - code = p.exitValue(): null

08-06-2026T20:30:29 - [TEST_STEP][PASSED] - if (code != 0): null

08-06-2026T20:30:29 - [TEST_STEP][PASSED] - else: Seed ripristinato prima di: Test Cases/Ordine/TC_6.1_4

08-06-2026T20:30:29 - [TEST_STEP][PASSED] - logInfo("Seed ripristinato prima di: " + context.getTestCaseId()): Seed ripristinato prima di: Test Cases/Ordine/TC_6.1_4

08-06-2026T20:30:29 - [MESSAGE][INFO] - Seed ripristinato prima di: Test Cases/Ordine/TC_6.1_4

08-06-2026T20:30:29 - [TEST_STEP][PASSED] - openBrowser(""): Browser is opened with url: ''

08-06-2026T20:30:29 - [MESSAGE][INFO] - Starting 'Chrome' driver

08-06-2026T20:30:29 - [MESSAGE][INFO] - Action delay is set to 0 milliseconds

08-06-2026T20:30:30 - [MESSAGE][PASSED] - Browser is opened with url: ''

08-06-2026T20:30:30 - [TEST_STEP][PASSED] - navigateToUrl(base + "loginForm.jsp"): Navigate to 'http://localhost:8080/Vaporant_IGES_war_exploded/loginForm.jsp' successfully

08-06-2026T20:30:30 - [MESSAGE][PASSED] - Navigate to 'http://localhost:8080/Vaporant_IGES_war_exploded/loginForm.jsp' successfully

08-06-2026T20:30:30 - [TEST_STEP][PASSED] - setText(css("#email"), "t.mansi@studenti.unisa.it"): null

08-06-2026T20:30:30 - [TEST_STEP][PASSED] - t = new com.kms.katalon.core.testobject.TestObject(sel): null

08-06-2026T20:30:30 - [TEST_STEP][PASSED] - t.addProperty("css", EQUALS, sel): null

08-06-2026T20:30:30 - [TEST_STEP][PASSED] - return t: Text 't.mansi@studenti.unisa.it' is set on object '#email'

08-06-2026T20:30:31 - [MESSAGE][PASSED] - Text 't.mansi@studenti.unisa.it' is set on object '#email'

08-06-2026T20:30:31 - [TEST_STEP][PASSED] - setText(css("#password"), "321CBA."): null

08-06-2026T20:30:31 - [TEST_STEP][PASSED] - t = new com.kms.katalon.core.testobject.TestObject(sel): null

08-06-2026T20:30:31 - [TEST_STEP][PASSED] - t.addProperty("css", EQUALS, sel): null

08-06-2026T20:30:31 - [TEST_STEP][PASSED] - return t: Text '321CBA.' is set on object '#password'

08-06-2026T20:30:31 - [MESSAGE][PASSED] - Text '321CBA.' is set on object '#password'

08-06-2026T20:30:31 - [TEST_STEP][PASSED] - click(css("#submit")): null

08-06-2026T20:30:31 - [TEST_STEP][PASSED] - t = new com.kms.katalon.core.testobject.TestObject(sel): null

08-06-2026T20:30:31 - [TEST_STEP][PASSED] - t.addProperty("css", EQUALS, sel): null

08-06-2026T20:30:31 - [TEST_STEP][PASSED] - return t: Object: '#submit' is clicked on

08-06-2026T20:30:31 - [MESSAGE][PASSED] - Object: '#submit' is clicked on

08-06-2026T20:30:31 - [TEST_STEP][PASSED] - delay(2): Delayed 2 second(s)

08-06-2026T20:30:33 - [MESSAGE][PASSED] - Delayed 2 second(s)

08-06-2026T20:30:33 - [TEST_STEP][PASSED] - navigateToUrl(base + "checkout.jsp"): Navigate to 'http://localhost:8080/Vaporant_IGES_war_exploded/checkout.jsp' successfully

08-06-2026T20:30:33 - [MESSAGE][PASSED] - Navigate to 'http://localhost:8080/Vaporant_IGES_war_exploded/checkout.jsp' successfully

08-06-2026T20:30:33 - [TEST_STEP][PASSED] - delay(2): Delayed 2 second(s)

08-06-2026T20:30:35 - [MESSAGE][PASSED] - Delayed 2 second(s)

08-06-2026T20:30:35 - [TEST_STEP][PASSED] - takeScreenshot(): Taking screenshot successfully

08-06-2026T20:30:36 - [MESSAGE][PASSED] - Taking screenshot successfully
[[ATTACHMENT|C:\\Users\\gianf\\Documents\\Vaporant-IGES\\StorageSession\\testing\\katalon\\Vaporant-Baseline\\Reports\\20260608_202946\\Ordine\\20260608_202946\\1780943435994.png]]

08-06-2026T20:30:36 - [TEST_STEP][FAILED] - verifyTextPresent("(?i)Acquista", true, CONTINUE_ON_FAILURE): Text '(?i)Acquista' is not present on page  using regular expression (Root cause: com.kms.katalon.core.exception.StepFailedException: Text '(?i)Acquista' is not present on page  using regular expression
	at com.kms.katalon.core.webui.keyword.internal.WebUIKeywordMain.stepFailed(WebUIKeywordMain.groovy:177)
	at com.kms.katalon.core.webui.keyword.builtin.VerifyTextPresentKeyword$_verifyTextPresent_closure1.doCall(VerifyTextPresentKeyword.groovy:79)
	at com.kms.katalon.core.webui.keyword.builtin.VerifyTextPresentKeyword$_verifyTextPresent_closure1.call(VerifyTextPresentKeyword.groovy)
	at com.kms.katalon.core.webui.keyword.internal.WebUIKeywordMain.runKeyword(WebUIKeywordMain.groovy:41)
	at com.kms.katalon.core.webui.keyword.builtin.VerifyTextPresentKeyword.verifyTextPresent(VerifyTextPresentKeyword.groovy:83)
	at com.kms.katalon.core.webui.keyword.builtin.VerifyTextPresentKeyword.execute(VerifyTextPresentKeyword.groovy:68)
	at com.kms.katalon.core.keyword.internal.KeywordExecutor.executeKeywordForPlatform(KeywordExecutor.groovy:103)
	at com.kms.katalon.core.webui.keyword.WebUiBuiltInKeywords.verifyTextPresent(WebUiBuiltInKeywords.groovy:1809)
	at Script178070060104.run(Script178070060104.groovy:28)
	at com.kms.katalon.core.main.ScriptEngine.run(ScriptEngine.java:203)
	at com.kms.katalon.core.main.ScriptEngine.runScriptAsRawText(ScriptEngine.java:115)
	at com.kms.katalon.core.main.TestCaseExecutor.runScript(TestCaseExecutor.java:506)
	at com.kms.katalon.core.main.TestCaseExecutor.doExecute(TestCaseExecutor.java:497)
	at com.kms.katalon.core.main.TestCaseExecutor.processExecutionPhase(TestCaseExecutor.java:476)
	at com.kms.katalon.core.main.TestCaseExecutor.accessMainPhase(TestCaseExecutor.java:468)
	at com.kms.katalon.core.main.TestCaseExecutor.execute(TestCaseExecutor.java:334)
	at com.kms.katalon.core.common.CommonExecutor.accessTestCaseMainPhase(CommonExecutor.java:71)
	at com.kms.katalon.core.main.TestSuiteExecutor.accessTestSuiteMainPhase(TestSuiteExecutor.java:153)
	at com.kms.katalon.core.main.TestSuiteExecutor.execute(TestSuiteExecutor.java:110)
	at com.kms.katalon.core.main.TestCaseMain.startTestSuite(TestCaseMain.java:206)
	at S0608_9.run(S0608_9.groovy:40)
	at java.base/jdk.internal.reflect.DirectMethodHandleAccessor.invoke(DirectMethodHandleAccessor.java:103)
)

08-06-2026T20:30:36 - [MESSAGE][FAILED] - Text '(?i)Acquista' is not present on page  using regular expression (Root cause: com.kms.katalon.core.exception.StepFailedException: Text '(?i)Acquista' is not present on page  using regular expression
	at com.kms.katalon.core.webui.keyword.internal.WebUIKeywordMain.stepFailed(WebUIKeywordMain.groovy:177)
	at com.kms.katalon.core.webui.keyword.builtin.VerifyTextPresentKeyword$_verifyTextPresent_closure1.doCall(VerifyTextPresentKeyword.groovy:79)
	at com.kms.katalon.core.webui.keyword.builtin.VerifyTextPresentKeyword$_verifyTextPresent_closure1.call(VerifyTextPresentKeyword.groovy)
	at com.kms.katalon.core.webui.keyword.internal.WebUIKeywordMain.runKeyword(WebUIKeywordMain.groovy:41)
	at com.kms.katalon.core.webui.keyword.builtin.VerifyTextPresentKeyword.verifyTextPresent(VerifyTextPresentKeyword.groovy:83)
	at com.kms.katalon.core.webui.keyword.builtin.VerifyTextPresentKeyword.execute(VerifyTextPresentKeyword.groovy:68)
	at com.kms.katalon.core.keyword.internal.KeywordExecutor.executeKeywordForPlatform(KeywordExecutor.groovy:103)
	at com.kms.katalon.core.webui.keyword.WebUiBuiltInKeywords.verifyTextPresent(WebUiBuiltInKeywords.groovy:1809)
	at Script178070060104.run(Script178070060104.groovy:28)
	at com.kms.katalon.core.main.ScriptEngine.run(ScriptEngine.java:203)
	at com.kms.katalon.core.main.ScriptEngine.runScriptAsRawText(ScriptEngine.java:115)
	at com.kms.katalon.core.main.TestCaseExecutor.runScript(TestCaseExecutor.java:506)
	at com.kms.katalon.core.main.TestCaseExecutor.doExecute(TestCaseExecutor.java:497)
	at com.kms.katalon.core.main.TestCaseExecutor.processExecutionPhase(TestCaseExecutor.java:476)
	at com.kms.katalon.core.main.TestCaseExecutor.accessMainPhase(TestCaseExecutor.java:468)
	at com.kms.katalon.core.main.TestCaseExecutor.execute(TestCaseExecutor.java:334)
	at com.kms.katalon.core.common.CommonExecutor.accessTestCaseMainPhase(CommonExecutor.java:71)
	at com.kms.katalon.core.main.TestSuiteExecutor.accessTestSuiteMainPhase(TestSuiteExecutor.java:153)
	at com.kms.katalon.core.main.TestSuiteExecutor.execute(TestSuiteExecutor.java:110)
	at com.kms.katalon.core.main.TestCaseMain.startTestSuite(TestCaseMain.java:206)
	at S0608_9.run(S0608_9.groovy:40)
	at java.base/jdk.internal.reflect.DirectMethodHandleAccessor.invoke(DirectMethodHandleAccessor.java:103)
)

08-06-2026T20:30:36 - [TEST_STEP][PASSED] - closeBrowser(): Browser is closed

08-06-2026T20:30:36 - [MESSAGE][PASSED] - Browser is closed]]></system-out>
         <system-err><![CDATA[08-06-2026T20:30:29 - [TEST_CASE][FAILED] - Test Cases/Ordine/TC_6.1_4: Test Cases/Ordine/TC_6.1_4 FAILED.
Reason:
com.kms.katalon.core.exception.StepFailedException: Text '(?i)Acquista' is not present on page  using regular expression (Root cause: com.kms.katalon.core.exception.StepFailedException: Text '(?i)Acquista' is not present on page  using regular expression
	at com.kms.katalon.core.webui.keyword.internal.WebUIKeywordMain.stepFailed(WebUIKeywordMain.groovy:177)
	at com.kms.katalon.core.webui.keyword.builtin.VerifyTextPresentKeyword$_verifyTextPresent_closure1.doCall(VerifyTextPresentKeyword.groovy:79)
	at com.kms.katalon.core.webui.keyword.builtin.VerifyTextPresentKeyword$_verifyTextPresent_closure1.call(VerifyTextPresentKeyword.groovy)
	at com.kms.katalon.core.webui.keyword.internal.WebUIKeywordMain.runKeyword(WebUIKeywordMain.groovy:41)
	at com.kms.katalon.core.webui.keyword.builtin.VerifyTextPresentKeyword.verifyTextPresent(VerifyTextPresentKeyword.groovy:83)
	at com.kms.katalon.core.webui.keyword.builtin.VerifyTextPresentKeyword.execute(VerifyTextPresentKeyword.groovy:68)
	at com.kms.katalon.core.keyword.internal.KeywordExecutor.executeKeywordForPlatform(KeywordExecutor.groovy:103)
	at com.kms.katalon.core.webui.keyword.WebUiBuiltInKeywords.verifyTextPresent(WebUiBuiltInKeywords.groovy:1809)
	at Script178070060104.run(Script178070060104.groovy:28)
	at com.kms.katalon.core.main.ScriptEngine.run(ScriptEngine.java:203)
	at com.kms.katalon.core.main.ScriptEngine.runScriptAsRawText(ScriptEngine.java:115)
	at com.kms.katalon.core.main.TestCaseExecutor.runScript(TestCaseExecutor.java:506)
	at com.kms.katalon.core.main.TestCaseExecutor.doExecute(TestCaseExecutor.java:497)
	at com.kms.katalon.core.main.TestCaseExecutor.processExecutionPhase(TestCaseExecutor.java:476)
	at com.kms.katalon.core.main.TestCaseExecutor.accessMainPhase(TestCaseExecutor.java:468)
	at com.kms.katalon.core.main.TestCaseExecutor.execute(TestCaseExecutor.java:334)
	at com.kms.katalon.core.common.CommonExecutor.accessTestCaseMainPhase(CommonExecutor.java:71)
	at com.kms.katalon.core.main.TestSuiteExecutor.accessTestSuiteMainPhase(TestSuiteExecutor.java:153)
	at com.kms.katalon.core.main.TestSuiteExecutor.execute(TestSuiteExecutor.java:110)
	at com.kms.katalon.core.main.TestCaseMain.startTestSuite(TestCaseMain.java:206)
	at S0608_9.run(S0608_9.groovy:40)
	at java.base/jdk.internal.reflect.DirectMethodHandleAccessor.invoke(DirectMethodHandleAccessor.java:103)
)
	at com.kms.katalon.core.keyword.internal.KeywordMain.stepFailed(KeywordMain.groovy:39)
	at com.kms.katalon.core.webui.keyword.internal.WebUIKeywordMain.stepFailed(WebUIKeywordMain.groovy:177)
	at com.kms.katalon.core.webui.keyword.builtin.VerifyTextPresentKeyword$_verifyTextPresent_closure1.doCall(VerifyTextPresentKeyword.groovy:79)
	at com.kms.katalon.core.webui.keyword.builtin.VerifyTextPresentKeyword$_verifyTextPresent_closure1.call(VerifyTextPresentKeyword.groovy)
	at com.kms.katalon.core.webui.keyword.internal.WebUIKeywordMain.runKeyword(WebUIKeywordMain.groovy:41)
	at com.kms.katalon.core.webui.keyword.builtin.VerifyTextPresentKeyword.verifyTextPresent(VerifyTextPresentKeyword.groovy:83)
	at com.kms.katalon.core.webui.keyword.builtin.VerifyTextPresentKeyword.execute(VerifyTextPresentKeyword.groovy:68)
	at com.kms.katalon.core.keyword.internal.KeywordExecutor.executeKeywordForPlatform(KeywordExecutor.groovy:103)
	at com.kms.katalon.core.webui.keyword.WebUiBuiltInKeywords.verifyTextPresent(WebUiBuiltInKeywords.groovy:1809)
	at Script178070060104.run(Script178070060104.groovy:28)
	at com.kms.katalon.core.main.ScriptEngine.run(ScriptEngine.java:203)
	at com.kms.katalon.core.main.ScriptEngine.runScriptAsRawText(ScriptEngine.java:115)
	at com.kms.katalon.core.main.TestCaseExecutor.runScript(TestCaseExecutor.java:506)
	at com.kms.katalon.core.main.TestCaseExecutor.doExecute(TestCaseExecutor.java:497)
	at com.kms.katalon.core.main.TestCaseExecutor.processExecutionPhase(TestCaseExecutor.java:476)
	at com.kms.katalon.core.main.TestCaseExecutor.accessMainPhase(TestCaseExecutor.java:468)
	at com.kms.katalon.core.main.TestCaseExecutor.execute(TestCaseExecutor.java:334)
	at com.kms.katalon.core.common.CommonExecutor.accessTestCaseMainPhase(CommonExecutor.java:71)
	at com.kms.katalon.core.main.TestSuiteExecutor.accessTestSuiteMainPhase(TestSuiteExecutor.java:153)
	at com.kms.katalon.core.main.TestSuiteExecutor.execute(TestSuiteExecutor.java:110)
	at com.kms.katalon.core.main.TestCaseMain.startTestSuite(TestCaseMain.java:206)
	at S0608_9.run(S0608_9.groovy:40)
	at java.base/jdk.internal.reflect.DirectMethodHandleAccessor.invoke(DirectMethodHandleAccessor.java:103)
Caused by: com.kms.katalon.core.exception.StepFailedException: Text '(?i)Acquista' is not present on page  using regular expression
	... 22 more]]></system-err>
      </testcase>
      <testcase name="Test Cases/Ordine/TC_6.2_1" time="14.903" classname="Test Cases/Ordine/TC_6.2_1" status="PASSED">
         <system-out><![CDATA[08-06-2026T20:30:36 - [TEST_CASE][PASSED] - Test Cases/Ordine/TC_6.2_1: Test Cases/Ordine/TC_6.2_1

08-06-2026T20:30:36 - [TEST_STEP][PASSED] - Start listener action : resetSeedBeforeTestCase: Seed ripristinato prima di: Test Cases/Ordine/TC_6.2_1

08-06-2026T20:30:36 - [TEST_STEP][PASSED] - if (resetSeed == false): null

08-06-2026T20:30:36 - [TEST_STEP][PASSED] - projectDir = getProjectDir(): null

08-06-2026T20:30:36 - [TEST_STEP][PASSED] - script = new java.io.File(projectDir, Data Files/reset-seed.sql): null

08-06-2026T20:30:36 - [TEST_STEP][PASSED] - if (!(script.exists())): null

08-06-2026T20:30:36 - [TEST_STEP][PASSED] - cmd = [mysqlExe, "--user=" + dbUser, "--password=" + dbPass, dbName]: null

08-06-2026T20:30:36 - [TEST_STEP][PASSED] - log = new java.io.File(java.lang.System.getProperty(java.io.tmpdir), seedreset.log): null

08-06-2026T20:30:36 - [TEST_STEP][PASSED] - pb = new java.lang.ProcessBuilder(cmd): null

08-06-2026T20:30:36 - [TEST_STEP][PASSED] - pb.redirectInput(script): null

08-06-2026T20:30:36 - [TEST_STEP][PASSED] - pb.redirectErrorStream(true): null

08-06-2026T20:30:36 - [TEST_STEP][PASSED] - pb.redirectOutput(log): null

08-06-2026T20:30:36 - [TEST_STEP][PASSED] - p = pb.start(): null

08-06-2026T20:30:36 - [TEST_STEP][PASSED] - finished = p.waitFor(20, SECONDS): null

08-06-2026T20:30:36 - [TEST_STEP][PASSED] - if (!(finished)): null

08-06-2026T20:30:36 - [TEST_STEP][PASSED] - code = p.exitValue(): null

08-06-2026T20:30:36 - [TEST_STEP][PASSED] - if (code != 0): null

08-06-2026T20:30:36 - [TEST_STEP][PASSED] - else: Seed ripristinato prima di: Test Cases/Ordine/TC_6.2_1

08-06-2026T20:30:36 - [TEST_STEP][PASSED] - logInfo("Seed ripristinato prima di: " + context.getTestCaseId()): Seed ripristinato prima di: Test Cases/Ordine/TC_6.2_1

08-06-2026T20:30:36 - [MESSAGE][INFO] - Seed ripristinato prima di: Test Cases/Ordine/TC_6.2_1

08-06-2026T20:30:36 - [TEST_STEP][PASSED] - openBrowser(""): Browser is opened with url: ''

08-06-2026T20:30:36 - [MESSAGE][INFO] - Starting 'Chrome' driver

08-06-2026T20:30:36 - [MESSAGE][INFO] - Action delay is set to 0 milliseconds

08-06-2026T20:30:37 - [MESSAGE][PASSED] - Browser is opened with url: ''

08-06-2026T20:30:37 - [TEST_STEP][PASSED] - navigateToUrl(base + "loginForm.jsp"): Navigate to 'http://localhost:8080/Vaporant_IGES_war_exploded/loginForm.jsp' successfully

08-06-2026T20:30:37 - [MESSAGE][PASSED] - Navigate to 'http://localhost:8080/Vaporant_IGES_war_exploded/loginForm.jsp' successfully

08-06-2026T20:30:37 - [TEST_STEP][PASSED] - setText(css("#email"), "t.mansi@studenti.unisa.it"): null

08-06-2026T20:30:37 - [TEST_STEP][PASSED] - t = new com.kms.katalon.core.testobject.TestObject(sel): null

08-06-2026T20:30:37 - [TEST_STEP][PASSED] - t.addProperty("css", EQUALS, sel): null

08-06-2026T20:30:37 - [TEST_STEP][PASSED] - return t: Text 't.mansi@studenti.unisa.it' is set on object '#email'

08-06-2026T20:30:38 - [MESSAGE][PASSED] - Text 't.mansi@studenti.unisa.it' is set on object '#email'

08-06-2026T20:30:38 - [TEST_STEP][PASSED] - setText(css("#password"), "321CBA."): null

08-06-2026T20:30:38 - [TEST_STEP][PASSED] - t = new com.kms.katalon.core.testobject.TestObject(sel): null

08-06-2026T20:30:38 - [TEST_STEP][PASSED] - t.addProperty("css", EQUALS, sel): null

08-06-2026T20:30:38 - [TEST_STEP][PASSED] - return t: Text '321CBA.' is set on object '#password'

08-06-2026T20:30:39 - [MESSAGE][PASSED] - Text '321CBA.' is set on object '#password'

08-06-2026T20:30:39 - [TEST_STEP][PASSED] - click(css("#submit")): null

08-06-2026T20:30:39 - [TEST_STEP][PASSED] - t = new com.kms.katalon.core.testobject.TestObject(sel): null

08-06-2026T20:30:39 - [TEST_STEP][PASSED] - t.addProperty("css", EQUALS, sel): null

08-06-2026T20:30:39 - [TEST_STEP][PASSED] - return t: Object: '#submit' is clicked on

08-06-2026T20:30:39 - [MESSAGE][PASSED] - Object: '#submit' is clicked on

08-06-2026T20:30:39 - [TEST_STEP][PASSED] - delay(2): Delayed 2 second(s)

08-06-2026T20:30:41 - [MESSAGE][PASSED] - Delayed 2 second(s)

08-06-2026T20:30:41 - [TEST_STEP][PASSED] - navigateToUrl(base + "cart?action=addC&id=2"): Navigate to 'http://localhost:8080/Vaporant_IGES_war_exploded/cart?action=addC&id=2' successfully

08-06-2026T20:30:41 - [MESSAGE][PASSED] - Navigate to 'http://localhost:8080/Vaporant_IGES_war_exploded/cart?action=addC&id=2' successfully

08-06-2026T20:30:41 - [TEST_STEP][PASSED] - delay(1): Delayed 1 second(s)

08-06-2026T20:30:42 - [MESSAGE][PASSED] - Delayed 1 second(s)

08-06-2026T20:30:42 - [TEST_STEP][PASSED] - navigateToUrl(base + "checkout.jsp"): Navigate to 'http://localhost:8080/Vaporant_IGES_war_exploded/checkout.jsp' successfully

08-06-2026T20:30:42 - [MESSAGE][PASSED] - Navigate to 'http://localhost:8080/Vaporant_IGES_war_exploded/checkout.jsp' successfully

08-06-2026T20:30:42 - [TEST_STEP][PASSED] - delay(2): Delayed 2 second(s)

08-06-2026T20:30:44 - [MESSAGE][PASSED] - Delayed 2 second(s)

08-06-2026T20:30:44 - [TEST_STEP][PASSED] - selectOptionByValue(css("#addressDropdown"), "4", false): null

08-06-2026T20:30:44 - [TEST_STEP][PASSED] - t = new com.kms.katalon.core.testobject.TestObject(sel): null

08-06-2026T20:30:44 - [TEST_STEP][PASSED] - t.addProperty("css", EQUALS, sel): null

08-06-2026T20:30:44 - [TEST_STEP][PASSED] - return t: All options with value '4' are selected in object '#addressDropdown' 

08-06-2026T20:30:45 - [MESSAGE][PASSED] - All options with value '4' are selected in object '#addressDropdown' 

08-06-2026T20:30:45 - [TEST_STEP][PASSED] - selectOptionByValue(css("#addressDropdown2"), "4", false): null

08-06-2026T20:30:45 - [TEST_STEP][PASSED] - t = new com.kms.katalon.core.testobject.TestObject(sel): null

08-06-2026T20:30:45 - [TEST_STEP][PASSED] - t.addProperty("css", EQUALS, sel): null

08-06-2026T20:30:45 - [TEST_STEP][PASSED] - return t: All options with value '4' are selected in object '#addressDropdown2' 

08-06-2026T20:30:45 - [MESSAGE][PASSED] - All options with value '4' are selected in object '#addressDropdown2' 

08-06-2026T20:30:45 - [TEST_STEP][PASSED] - click(css("#paypal")): null

08-06-2026T20:30:45 - [TEST_STEP][PASSED] - t = new com.kms.katalon.core.testobject.TestObject(sel): null

08-06-2026T20:30:45 - [TEST_STEP][PASSED] - t.addProperty("css", EQUALS, sel): null

08-06-2026T20:30:45 - [TEST_STEP][PASSED] - return t: Object: '#paypal' is clicked on

08-06-2026T20:30:46 - [MESSAGE][PASSED] - Object: '#paypal' is clicked on

08-06-2026T20:30:46 - [TEST_STEP][PASSED] - delay(1): Delayed 1 second(s)

08-06-2026T20:30:47 - [MESSAGE][PASSED] - Delayed 1 second(s)

08-06-2026T20:30:47 - [TEST_STEP][PASSED] - takeScreenshot(): Taking screenshot successfully

08-06-2026T20:30:47 - [MESSAGE][PASSED] - Taking screenshot successfully
[[ATTACHMENT|C:\\Users\\gianf\\Documents\\Vaporant-IGES\\StorageSession\\testing\\katalon\\Vaporant-Baseline\\Reports\\20260608_202946\\Ordine\\20260608_202946\\1780943447118.png]]

08-06-2026T20:30:47 - [TEST_STEP][PASSED] - click(css("form[action='Ordine'] .checkout-btn")): null

08-06-2026T20:30:47 - [TEST_STEP][PASSED] - t = new com.kms.katalon.core.testobject.TestObject(sel): null

08-06-2026T20:30:47 - [TEST_STEP][PASSED] - t.addProperty("css", EQUALS, sel): null

08-06-2026T20:30:47 - [TEST_STEP][PASSED] - return t: Object: 'form[action='Ordine'] .checkout-btn' is clicked on

08-06-2026T20:30:47 - [MESSAGE][PASSED] - Object: 'form[action='Ordine'] .checkout-btn' is clicked on

08-06-2026T20:30:47 - [TEST_STEP][PASSED] - delay(3): Delayed 3 second(s)

08-06-2026T20:30:50 - [MESSAGE][PASSED] - Delayed 3 second(s)

08-06-2026T20:30:50 - [TEST_STEP][PASSED] - takeScreenshot(): Taking screenshot successfully

08-06-2026T20:30:51 - [MESSAGE][PASSED] - Taking screenshot successfully
[[ATTACHMENT|C:\\Users\\gianf\\Documents\\Vaporant-IGES\\StorageSession\\testing\\katalon\\Vaporant-Baseline\\Reports\\20260608_202946\\Ordine\\20260608_202946\\1780943450914.png]]

08-06-2026T20:30:51 - [TEST_STEP][PASSED] - verifyTextPresent("(?i)Acquisto effettuato", true): Text '(?i)Acquisto effettuato' is present on page  using regular expression

08-06-2026T20:30:51 - [MESSAGE][PASSED] - Text '(?i)Acquisto effettuato' is present on page  using regular expression

08-06-2026T20:30:51 - [TEST_STEP][PASSED] - closeBrowser(): Browser is closed

08-06-2026T20:30:51 - [MESSAGE][PASSED] - Browser is closed]]></system-out>
         <system-err><![CDATA[]]></system-err>
      </testcase>
      <testcase name="Test Cases/Ordine/TC_6.2_2" time="10.711" classname="Test Cases/Ordine/TC_6.2_2" status="PASSED">
         <system-out><![CDATA[08-06-2026T20:30:51 - [TEST_CASE][PASSED] - Test Cases/Ordine/TC_6.2_2: Test Cases/Ordine/TC_6.2_2

08-06-2026T20:30:51 - [TEST_STEP][PASSED] - Start listener action : resetSeedBeforeTestCase: Seed ripristinato prima di: Test Cases/Ordine/TC_6.2_2

08-06-2026T20:30:51 - [TEST_STEP][PASSED] - if (resetSeed == false): null

08-06-2026T20:30:51 - [TEST_STEP][PASSED] - projectDir = getProjectDir(): null

08-06-2026T20:30:51 - [TEST_STEP][PASSED] - script = new java.io.File(projectDir, Data Files/reset-seed.sql): null

08-06-2026T20:30:51 - [TEST_STEP][PASSED] - if (!(script.exists())): null

08-06-2026T20:30:51 - [TEST_STEP][PASSED] - cmd = [mysqlExe, "--user=" + dbUser, "--password=" + dbPass, dbName]: null

08-06-2026T20:30:51 - [TEST_STEP][PASSED] - log = new java.io.File(java.lang.System.getProperty(java.io.tmpdir), seedreset.log): null

08-06-2026T20:30:51 - [TEST_STEP][PASSED] - pb = new java.lang.ProcessBuilder(cmd): null

08-06-2026T20:30:51 - [TEST_STEP][PASSED] - pb.redirectInput(script): null

08-06-2026T20:30:51 - [TEST_STEP][PASSED] - pb.redirectErrorStream(true): null

08-06-2026T20:30:51 - [TEST_STEP][PASSED] - pb.redirectOutput(log): null

08-06-2026T20:30:51 - [TEST_STEP][PASSED] - p = pb.start(): null

08-06-2026T20:30:51 - [TEST_STEP][PASSED] - finished = p.waitFor(20, SECONDS): null

08-06-2026T20:30:51 - [TEST_STEP][PASSED] - if (!(finished)): null

08-06-2026T20:30:51 - [TEST_STEP][PASSED] - code = p.exitValue(): null

08-06-2026T20:30:51 - [TEST_STEP][PASSED] - if (code != 0): null

08-06-2026T20:30:51 - [TEST_STEP][PASSED] - else: Seed ripristinato prima di: Test Cases/Ordine/TC_6.2_2

08-06-2026T20:30:51 - [TEST_STEP][PASSED] - logInfo("Seed ripristinato prima di: " + context.getTestCaseId()): Seed ripristinato prima di: Test Cases/Ordine/TC_6.2_2

08-06-2026T20:30:51 - [MESSAGE][INFO] - Seed ripristinato prima di: Test Cases/Ordine/TC_6.2_2

08-06-2026T20:30:51 - [TEST_STEP][PASSED] - openBrowser(""): Browser is opened with url: ''

08-06-2026T20:30:51 - [MESSAGE][INFO] - Starting 'Chrome' driver

08-06-2026T20:30:51 - [MESSAGE][INFO] - Action delay is set to 0 milliseconds

08-06-2026T20:30:52 - [MESSAGE][PASSED] - Browser is opened with url: ''

08-06-2026T20:30:52 - [TEST_STEP][PASSED] - navigateToUrl(base + "loginForm.jsp"): Navigate to 'http://localhost:8080/Vaporant_IGES_war_exploded/loginForm.jsp' successfully

08-06-2026T20:30:52 - [MESSAGE][PASSED] - Navigate to 'http://localhost:8080/Vaporant_IGES_war_exploded/loginForm.jsp' successfully

08-06-2026T20:30:52 - [TEST_STEP][PASSED] - setText(css("#email"), "t.mansi@studenti.unisa.it"): null

08-06-2026T20:30:52 - [TEST_STEP][PASSED] - t = new com.kms.katalon.core.testobject.TestObject(sel): null

08-06-2026T20:30:52 - [TEST_STEP][PASSED] - t.addProperty("css", EQUALS, sel): null

08-06-2026T20:30:52 - [TEST_STEP][PASSED] - return t: Text 't.mansi@studenti.unisa.it' is set on object '#email'

08-06-2026T20:30:53 - [MESSAGE][PASSED] - Text 't.mansi@studenti.unisa.it' is set on object '#email'

08-06-2026T20:30:53 - [TEST_STEP][PASSED] - setText(css("#password"), "321CBA."): null

08-06-2026T20:30:53 - [TEST_STEP][PASSED] - t = new com.kms.katalon.core.testobject.TestObject(sel): null

08-06-2026T20:30:53 - [TEST_STEP][PASSED] - t.addProperty("css", EQUALS, sel): null

08-06-2026T20:30:53 - [TEST_STEP][PASSED] - return t: Text '321CBA.' is set on object '#password'

08-06-2026T20:30:54 - [MESSAGE][PASSED] - Text '321CBA.' is set on object '#password'

08-06-2026T20:30:54 - [TEST_STEP][PASSED] - click(css("#submit")): null

08-06-2026T20:30:54 - [TEST_STEP][PASSED] - t = new com.kms.katalon.core.testobject.TestObject(sel): null

08-06-2026T20:30:54 - [TEST_STEP][PASSED] - t.addProperty("css", EQUALS, sel): null

08-06-2026T20:30:54 - [TEST_STEP][PASSED] - return t: Object: '#submit' is clicked on

08-06-2026T20:30:54 - [MESSAGE][PASSED] - Object: '#submit' is clicked on

08-06-2026T20:30:54 - [TEST_STEP][PASSED] - delay(2): Delayed 2 second(s)

08-06-2026T20:30:56 - [MESSAGE][PASSED] - Delayed 2 second(s)

08-06-2026T20:30:56 - [TEST_STEP][PASSED] - navigateToUrl(base + "cart?action=addC&id=2"): Navigate to 'http://localhost:8080/Vaporant_IGES_war_exploded/cart?action=addC&id=2' successfully

08-06-2026T20:30:56 - [MESSAGE][PASSED] - Navigate to 'http://localhost:8080/Vaporant_IGES_war_exploded/cart?action=addC&id=2' successfully

08-06-2026T20:30:56 - [TEST_STEP][PASSED] - delay(1): Delayed 1 second(s)

08-06-2026T20:30:57 - [MESSAGE][PASSED] - Delayed 1 second(s)

08-06-2026T20:30:57 - [TEST_STEP][PASSED] - navigateToUrl(base + "checkout.jsp"): Navigate to 'http://localhost:8080/Vaporant_IGES_war_exploded/checkout.jsp' successfully

08-06-2026T20:30:57 - [MESSAGE][PASSED] - Navigate to 'http://localhost:8080/Vaporant_IGES_war_exploded/checkout.jsp' successfully

08-06-2026T20:30:57 - [TEST_STEP][PASSED] - delay(2): Delayed 2 second(s)

08-06-2026T20:30:59 - [MESSAGE][PASSED] - Delayed 2 second(s)

08-06-2026T20:30:59 - [TEST_STEP][PASSED] - selectOptionByValue(css("#addressDropdown2"), "4", false): null

08-06-2026T20:30:59 - [TEST_STEP][PASSED] - t = new com.kms.katalon.core.testobject.TestObject(sel): null

08-06-2026T20:30:59 - [TEST_STEP][PASSED] - t.addProperty("css", EQUALS, sel): null

08-06-2026T20:30:59 - [TEST_STEP][PASSED] - return t: All options with value '4' are selected in object '#addressDropdown2' 

08-06-2026T20:31:00 - [MESSAGE][PASSED] - All options with value '4' are selected in object '#addressDropdown2' 

08-06-2026T20:31:00 - [TEST_STEP][PASSED] - click(css("#paypal")): null

08-06-2026T20:31:00 - [TEST_STEP][PASSED] - t = new com.kms.katalon.core.testobject.TestObject(sel): null

08-06-2026T20:31:00 - [TEST_STEP][PASSED] - t.addProperty("css", EQUALS, sel): null

08-06-2026T20:31:00 - [TEST_STEP][PASSED] - return t: Object: '#paypal' is clicked on

08-06-2026T20:31:00 - [MESSAGE][PASSED] - Object: '#paypal' is clicked on

08-06-2026T20:31:00 - [TEST_STEP][PASSED] - valid = executeJavaScript("return document.getElementById('addressDropdown').checkValidity()", null): Execute JavaScript 'return document.getElementById('addressDropdown').checkValidity()' successfully

08-06-2026T20:31:00 - [MESSAGE][PASSED] - Execute JavaScript 'return document.getElementById('addressDropdown').checkValidity()' successfully

08-06-2026T20:31:00 - [TEST_STEP][PASSED] - verifyEqual(valid, false): Actual object 'false' and expected object 'false' are equal

08-06-2026T20:31:00 - [MESSAGE][PASSED] - Actual object 'false' and expected object 'false' are equal

08-06-2026T20:31:00 - [TEST_STEP][PASSED] - click(css("form[action='Ordine'] .checkout-btn")): null

08-06-2026T20:31:00 - [TEST_STEP][PASSED] - t = new com.kms.katalon.core.testobject.TestObject(sel): null

08-06-2026T20:31:00 - [TEST_STEP][PASSED] - t.addProperty("css", EQUALS, sel): null

08-06-2026T20:31:00 - [TEST_STEP][PASSED] - return t: Object: 'form[action='Ordine'] .checkout-btn' is clicked on

08-06-2026T20:31:00 - [MESSAGE][PASSED] - Object: 'form[action='Ordine'] .checkout-btn' is clicked on

08-06-2026T20:31:00 - [TEST_STEP][PASSED] - delay(1): Delayed 1 second(s)

08-06-2026T20:31:01 - [MESSAGE][PASSED] - Delayed 1 second(s)

08-06-2026T20:31:01 - [TEST_STEP][PASSED] - takeScreenshot(): Taking screenshot successfully

08-06-2026T20:31:01 - [MESSAGE][PASSED] - Taking screenshot successfully
[[ATTACHMENT|C:\\Users\\gianf\\Documents\\Vaporant-IGES\\StorageSession\\testing\\katalon\\Vaporant-Baseline\\Reports\\20260608_202946\\Ordine\\20260608_202946\\1780943461676.png]]

08-06-2026T20:31:01 - [TEST_STEP][PASSED] - verifyElementPresent(css("#addressDropdown"), 5): null

08-06-2026T20:31:01 - [TEST_STEP][PASSED] - t = new com.kms.katalon.core.testobject.TestObject(sel): null

08-06-2026T20:31:01 - [TEST_STEP][PASSED] - t.addProperty("css", EQUALS, sel): null

08-06-2026T20:31:01 - [TEST_STEP][PASSED] - return t: Object '#addressDropdown' is present

08-06-2026T20:31:02 - [MESSAGE][PASSED] - Object '#addressDropdown' is present

08-06-2026T20:31:02 - [TEST_STEP][PASSED] - closeBrowser(): Browser is closed

08-06-2026T20:31:02 - [MESSAGE][PASSED] - Browser is closed]]></system-out>
         <system-err><![CDATA[]]></system-err>
      </testcase>
      <testcase name="Test Cases/Ordine/TC_6.2_3" time="10.875" classname="Test Cases/Ordine/TC_6.2_3" status="PASSED">
         <system-out><![CDATA[08-06-2026T20:31:02 - [TEST_CASE][PASSED] - Test Cases/Ordine/TC_6.2_3: Test Cases/Ordine/TC_6.2_3

08-06-2026T20:31:02 - [TEST_STEP][PASSED] - Start listener action : resetSeedBeforeTestCase: Seed ripristinato prima di: Test Cases/Ordine/TC_6.2_3

08-06-2026T20:31:02 - [TEST_STEP][PASSED] - if (resetSeed == false): null

08-06-2026T20:31:02 - [TEST_STEP][PASSED] - projectDir = getProjectDir(): null

08-06-2026T20:31:02 - [TEST_STEP][PASSED] - script = new java.io.File(projectDir, Data Files/reset-seed.sql): null

08-06-2026T20:31:02 - [TEST_STEP][PASSED] - if (!(script.exists())): null

08-06-2026T20:31:02 - [TEST_STEP][PASSED] - cmd = [mysqlExe, "--user=" + dbUser, "--password=" + dbPass, dbName]: null

08-06-2026T20:31:02 - [TEST_STEP][PASSED] - log = new java.io.File(java.lang.System.getProperty(java.io.tmpdir), seedreset.log): null

08-06-2026T20:31:02 - [TEST_STEP][PASSED] - pb = new java.lang.ProcessBuilder(cmd): null

08-06-2026T20:31:02 - [TEST_STEP][PASSED] - pb.redirectInput(script): null

08-06-2026T20:31:02 - [TEST_STEP][PASSED] - pb.redirectErrorStream(true): null

08-06-2026T20:31:02 - [TEST_STEP][PASSED] - pb.redirectOutput(log): null

08-06-2026T20:31:02 - [TEST_STEP][PASSED] - p = pb.start(): null

08-06-2026T20:31:02 - [TEST_STEP][PASSED] - finished = p.waitFor(20, SECONDS): null

08-06-2026T20:31:02 - [TEST_STEP][PASSED] - if (!(finished)): null

08-06-2026T20:31:02 - [TEST_STEP][PASSED] - code = p.exitValue(): null

08-06-2026T20:31:02 - [TEST_STEP][PASSED] - if (code != 0): null

08-06-2026T20:31:02 - [TEST_STEP][PASSED] - else: Seed ripristinato prima di: Test Cases/Ordine/TC_6.2_3

08-06-2026T20:31:02 - [TEST_STEP][PASSED] - logInfo("Seed ripristinato prima di: " + context.getTestCaseId()): Seed ripristinato prima di: Test Cases/Ordine/TC_6.2_3

08-06-2026T20:31:02 - [MESSAGE][INFO] - Seed ripristinato prima di: Test Cases/Ordine/TC_6.2_3

08-06-2026T20:31:02 - [TEST_STEP][PASSED] - openBrowser(""): Browser is opened with url: ''

08-06-2026T20:31:02 - [MESSAGE][INFO] - Starting 'Chrome' driver

08-06-2026T20:31:02 - [MESSAGE][INFO] - Action delay is set to 0 milliseconds

08-06-2026T20:31:03 - [MESSAGE][PASSED] - Browser is opened with url: ''

08-06-2026T20:31:03 - [TEST_STEP][PASSED] - navigateToUrl(base + "loginForm.jsp"): Navigate to 'http://localhost:8080/Vaporant_IGES_war_exploded/loginForm.jsp' successfully

08-06-2026T20:31:03 - [MESSAGE][PASSED] - Navigate to 'http://localhost:8080/Vaporant_IGES_war_exploded/loginForm.jsp' successfully

08-06-2026T20:31:03 - [TEST_STEP][PASSED] - setText(css("#email"), "t.mansi@studenti.unisa.it"): null

08-06-2026T20:31:03 - [TEST_STEP][PASSED] - t = new com.kms.katalon.core.testobject.TestObject(sel): null

08-06-2026T20:31:03 - [TEST_STEP][PASSED] - t.addProperty("css", EQUALS, sel): null

08-06-2026T20:31:03 - [TEST_STEP][PASSED] - return t: Text 't.mansi@studenti.unisa.it' is set on object '#email'

08-06-2026T20:31:04 - [MESSAGE][PASSED] - Text 't.mansi@studenti.unisa.it' is set on object '#email'

08-06-2026T20:31:04 - [TEST_STEP][PASSED] - setText(css("#password"), "321CBA."): null

08-06-2026T20:31:04 - [TEST_STEP][PASSED] - t = new com.kms.katalon.core.testobject.TestObject(sel): null

08-06-2026T20:31:04 - [TEST_STEP][PASSED] - t.addProperty("css", EQUALS, sel): null

08-06-2026T20:31:04 - [TEST_STEP][PASSED] - return t: Text '321CBA.' is set on object '#password'

08-06-2026T20:31:04 - [MESSAGE][PASSED] - Text '321CBA.' is set on object '#password'

08-06-2026T20:31:04 - [TEST_STEP][PASSED] - click(css("#submit")): null

08-06-2026T20:31:04 - [TEST_STEP][PASSED] - t = new com.kms.katalon.core.testobject.TestObject(sel): null

08-06-2026T20:31:04 - [TEST_STEP][PASSED] - t.addProperty("css", EQUALS, sel): null

08-06-2026T20:31:04 - [TEST_STEP][PASSED] - return t: Object: '#submit' is clicked on

[...]
	at S0608_9.run(S0608_9.groovy:40)
	at java.base/jdk.internal.reflect.DirectMethodHandleAccessor.invoke(DirectMethodHandleAccessor.java:103)
)
	at com.kms.katalon.core.keyword.internal.KeywordMain.stepFailed(KeywordMain.groovy:39)
	at com.kms.katalon.core.keyword.internal.KeywordMain.stepFailed(KeywordMain.groovy)
	at com.kms.katalon.core.keyword.internal.KeywordMain.runKeyword(KeywordMain.groovy:77)
	at com.kms.katalon.core.keyword.builtin.VerifyMatchKeyword.verifyMatch(VerifyMatchKeyword.groovy:60)
	at com.kms.katalon.core.keyword.builtin.VerifyMatchKeyword.execute(VerifyMatchKeyword.groovy:45)
	at com.kms.katalon.core.keyword.internal.KeywordExecutor.executeKeywordForPlatform(KeywordExecutor.groovy:103)
	at com.kms.katalon.core.keyword.BuiltinKeywords.verifyMatch(BuiltinKeywords.groovy:44)
	at java.base/jdk.internal.reflect.DirectMethodHandleAccessor.invoke(DirectMethodHandleAccessor.java:103)
	at Script178070060205.run(Script178070060205.groovy:44)
	at com.kms.katalon.core.main.ScriptEngine.run(ScriptEngine.java:203)
	at com.kms.katalon.core.main.ScriptEngine.runScriptAsRawText(ScriptEngine.java:115)
	at com.kms.katalon.core.main.TestCaseExecutor.runScript(TestCaseExecutor.java:506)
	at com.kms.katalon.core.main.TestCaseExecutor.doExecute(TestCaseExecutor.java:497)
	at com.kms.katalon.core.main.TestCaseExecutor.processExecutionPhase(TestCaseExecutor.java:476)
	at com.kms.katalon.core.main.TestCaseExecutor.accessMainPhase(TestCaseExecutor.java:468)
	at com.kms.katalon.core.main.TestCaseExecutor.execute(TestCaseExecutor.java:334)
	at com.kms.katalon.core.common.CommonExecutor.accessTestCaseMainPhase(CommonExecutor.java:71)
	at com.kms.katalon.core.main.TestSuiteExecutor.accessTestSuiteMainPhase(TestSuiteExecutor.java:153)
	at com.kms.katalon.core.main.TestSuiteExecutor.execute(TestSuiteExecutor.java:110)
	at com.kms.katalon.core.main.TestCaseMain.startTestSuite(TestCaseMain.java:206)
	at S0608_9.run(S0608_9.groovy:40)
	at java.base/jdk.internal.reflect.DirectMethodHandleAccessor.invoke(DirectMethodHandleAccessor.java:103)
Caused by: com.kms.katalon.core.exception.StepFailedException: Actual text '25' and expected text '24' are not matched
	at com.kms.katalon.core.keyword.builtin.VerifyMatchKeyword$_verifyMatch_closure1.doCall(VerifyMatchKeyword.groovy:57)
	at com.kms.katalon.core.keyword.builtin.VerifyMatchKeyword$_verifyMatch_closure1.call(VerifyMatchKeyword.groovy)
	at com.kms.katalon.core.keyword.internal.KeywordMain.runKeyword(KeywordMain.groovy:75)
	... 19 more]]></system-err>
      </testcase>
      <testcase name="Test Cases/Ordine/TC_6.3_1" time="13.454" classname="Test Cases/Ordine/TC_6.3_1" status="PASSED">
         <system-out><![CDATA[08-06-2026T20:31:40 - [TEST_CASE][PASSED] - Test Cases/Ordine/TC_6.3_1: Test Cases/Ordine/TC_6.3_1

08-06-2026T20:31:40 - [TEST_STEP][PASSED] - Start listener action : resetSeedBeforeTestCase: Seed ripristinato prima di: Test Cases/Ordine/TC_6.3_1

08-06-2026T20:31:40 - [TEST_STEP][PASSED] - if (resetSeed == false): null

08-06-2026T20:31:40 - [TEST_STEP][PASSED] - projectDir = getProjectDir(): null

08-06-2026T20:31:40 - [TEST_STEP][PASSED] - script = new java.io.File(projectDir, Data Files/reset-seed.sql): null

08-06-2026T20:31:40 - [TEST_STEP][PASSED] - if (!(script.exists())): null

08-06-2026T20:31:40 - [TEST_STEP][PASSED] - cmd = [mysqlExe, "--user=" + dbUser, "--password=" + dbPass, dbName]: null

08-06-2026T20:31:40 - [TEST_STEP][PASSED] - log = new java.io.File(java.lang.System.getProperty(java.io.tmpdir), seedreset.log): null

08-06-2026T20:31:40 - [TEST_STEP][PASSED] - pb = new java.lang.ProcessBuilder(cmd): null

08-06-2026T20:31:40 - [TEST_STEP][PASSED] - pb.redirectInput(script): null

08-06-2026T20:31:40 - [TEST_STEP][PASSED] - pb.redirectErrorStream(true): null

08-06-2026T20:31:40 - [TEST_STEP][PASSED] - pb.redirectOutput(log): null

08-06-2026T20:31:40 - [TEST_STEP][PASSED] - p = pb.start(): null

08-06-2026T20:31:40 - [TEST_STEP][PASSED] - finished = p.waitFor(20, SECONDS): null

08-06-2026T20:31:40 - [TEST_STEP][PASSED] - if (!(finished)): null

08-06-2026T20:31:40 - [TEST_STEP][PASSED] - code = p.exitValue(): null

08-06-2026T20:31:40 - [TEST_STEP][PASSED] - if (code != 0): null

08-06-2026T20:31:40 - [TEST_STEP][PASSED] - else: Seed ripristinato prima di: Test Cases/Ordine/TC_6.3_1

08-06-2026T20:31:40 - [TEST_STEP][PASSED] - logInfo("Seed ripristinato prima di: " + context.getTestCaseId()): Seed ripristinato prima di: Test Cases/Ordine/TC_6.3_1

08-06-2026T20:31:40 - [MESSAGE][INFO] - Seed ripristinato prima di: Test Cases/Ordine/TC_6.3_1

08-06-2026T20:31:40 - [TEST_STEP][PASSED] - openBrowser(""): Browser is opened with url: ''

08-06-2026T20:31:40 - [MESSAGE][INFO] - Starting 'Chrome' driver

08-06-2026T20:31:40 - [MESSAGE][INFO] - Action delay is set to 0 milliseconds

08-06-2026T20:31:41 - [MESSAGE][PASSED] - Browser is opened with url: ''

08-06-2026T20:31:41 - [TEST_STEP][PASSED] - navigateToUrl(base + "loginForm.jsp"): Navigate to 'http://localhost:8080/Vaporant_IGES_war_exploded/loginForm.jsp' successfully

08-06-2026T20:31:41 - [MESSAGE][PASSED] - Navigate to 'http://localhost:8080/Vaporant_IGES_war_exploded/loginForm.jsp' successfully

08-06-2026T20:31:41 - [TEST_STEP][PASSED] - setText(css("#email"), "t.mansi@studenti.unisa.it"): null

08-06-2026T20:31:41 - [TEST_STEP][PASSED] - t = new com.kms.katalon.core.testobject.TestObject(sel): null

08-06-2026T20:31:41 - [TEST_STEP][PASSED] - t.addProperty("css", EQUALS, sel): null

08-06-2026T20:31:41 - [TEST_STEP][PASSED] - return t: Text 't.mansi@studenti.unisa.it' is set on object '#email'

08-06-2026T20:31:42 - [MESSAGE][PASSED] - Text 't.mansi@studenti.unisa.it' is set on object '#email'

08-06-2026T20:31:42 - [TEST_STEP][PASSED] - setText(css("#password"), "321CBA."): null

08-06-2026T20:31:42 - [TEST_STEP][PASSED] - t = new com.kms.katalon.core.testobject.TestObject(sel): null

08-06-2026T20:31:42 - [TEST_STEP][PASSED] - t.addProperty("css", EQUALS, sel): null

08-06-2026T20:31:42 - [TEST_STEP][PASSED] - return t: Text '321CBA.' is set on object '#password'

08-06-2026T20:31:42 - [MESSAGE][PASSED] - Text '321CBA.' is set on object '#password'

08-06-2026T20:31:42 - [TEST_STEP][PASSED] - click(css("#submit")): null

08-06-2026T20:31:42 - [TEST_STEP][PASSED] - t = new com.kms.katalon.core.testobject.TestObject(sel): null

08-06-2026T20:31:42 - [TEST_STEP][PASSED] - t.addProperty("css", EQUALS, sel): null

08-06-2026T20:31:42 - [TEST_STEP][PASSED] - return t: Object: '#submit' is clicked on

08-06-2026T20:31:43 - [MESSAGE][PASSED] - Object: '#submit' is clicked on

08-06-2026T20:31:43 - [TEST_STEP][PASSED] - delay(2): Delayed 2 second(s)

08-06-2026T20:31:45 - [MESSAGE][PASSED] - Delayed 2 second(s)

08-06-2026T20:31:45 - [TEST_STEP][PASSED] - navigateToUrl(base + "cart?action=addC&id=2"): Navigate to 'http://localhost:8080/Vaporant_IGES_war_exploded/cart?action=addC&id=2' successfully

08-06-2026T20:31:45 - [MESSAGE][PASSED] - Navigate to 'http://localhost:8080/Vaporant_IGES_war_exploded/cart?action=addC&id=2' successfully

08-06-2026T20:31:45 - [TEST_STEP][PASSED] - delay(1): Delayed 1 second(s)

08-06-2026T20:31:46 - [MESSAGE][PASSED] - Delayed 1 second(s)

08-06-2026T20:31:46 - [TEST_STEP][PASSED] - navigateToUrl(base + "checkout.jsp"): Navigate to 'http://localhost:8080/Vaporant_IGES_war_exploded/checkout.jsp' successfully

08-06-2026T20:31:46 - [MESSAGE][PASSED] - Navigate to 'http://localhost:8080/Vaporant_IGES_war_exploded/checkout.jsp' successfully

08-06-2026T20:31:46 - [TEST_STEP][PASSED] - delay(2): Delayed 2 second(s)

08-06-2026T20:31:48 - [MESSAGE][PASSED] - Delayed 2 second(s)

08-06-2026T20:31:48 - [TEST_STEP][PASSED] - selectOptionByValue(css("#addressDropdown"), "4", false): null

08-06-2026T20:31:48 - [TEST_STEP][PASSED] - t = new com.kms.katalon.core.testobject.TestObject(sel): null

08-06-2026T20:31:48 - [TEST_STEP][PASSED] - t.addProperty("css", EQUALS, sel): null

08-06-2026T20:31:48 - [TEST_STEP][PASSED] - return t: All options with value '4' are selected in object '#addressDropdown' 

08-06-2026T20:31:48 - [MESSAGE][PASSED] - All options with value '4' are selected in object '#addressDropdown' 

08-06-2026T20:31:48 - [TEST_STEP][PASSED] - selectOptionByValue(css("#addressDropdown2"), "4", false): null

08-06-2026T20:31:48 - [TEST_STEP][PASSED] - t = new com.kms.katalon.core.testobject.TestObject(sel): null

08-06-2026T20:31:48 - [TEST_STEP][PASSED] - t.addProperty("css", EQUALS, sel): null

08-06-2026T20:31:48 - [TEST_STEP][PASSED] - return t: All options with value '4' are selected in object '#addressDropdown2' 

08-06-2026T20:31:49 - [MESSAGE][PASSED] - All options with value '4' are selected in object '#addressDropdown2' 

08-06-2026T20:31:49 - [TEST_STEP][PASSED] - click(css("#paypal")): null

08-06-2026T20:31:49 - [TEST_STEP][PASSED] - t = new com.kms.katalon.core.testobject.TestObject(sel): null

08-06-2026T20:31:49 - [TEST_STEP][PASSED] - t.addProperty("css", EQUALS, sel): null

08-06-2026T20:31:49 - [TEST_STEP][PASSED] - return t: Object: '#paypal' is clicked on

08-06-2026T20:31:49 - [MESSAGE][PASSED] - Object: '#paypal' is clicked on

08-06-2026T20:31:49 - [TEST_STEP][PASSED] - click(css("form[action='Ordine'] .checkout-btn")): null

08-06-2026T20:31:49 - [TEST_STEP][PASSED] - t = new com.kms.katalon.core.testobject.TestObject(sel): null

08-06-2026T20:31:49 - [TEST_STEP][PASSED] - t.addProperty("css", EQUALS, sel): null

08-06-2026T20:31:49 - [TEST_STEP][PASSED] - return t: Object: 'form[action='Ordine'] .checkout-btn' is clicked on

08-06-2026T20:31:49 - [MESSAGE][PASSED] - Object: 'form[action='Ordine'] .checkout-btn' is clicked on

08-06-2026T20:31:49 - [TEST_STEP][PASSED] - delay(3): Delayed 3 second(s)

08-06-2026T20:31:52 - [MESSAGE][PASSED] - Delayed 3 second(s)

08-06-2026T20:31:52 - [TEST_STEP][PASSED] - takeScreenshot(): Taking screenshot successfully

08-06-2026T20:31:53 - [MESSAGE][PASSED] - Taking screenshot successfully
[[ATTACHMENT|C:\\Users\\gianf\\Documents\\Vaporant-IGES\\StorageSession\\testing\\katalon\\Vaporant-Baseline\\Reports\\20260608_202946\\Ordine\\20260608_202946\\1780943512993.png]]

08-06-2026T20:31:53 - [TEST_STEP][PASSED] - verifyTextPresent("(?i)Acquisto effettuato", true): Text '(?i)Acquisto effettuato' is present on page  using regular expression

08-06-2026T20:31:53 - [MESSAGE][PASSED] - Text '(?i)Acquisto effettuato' is present on page  using regular expression

08-06-2026T20:31:53 - [TEST_STEP][PASSED] - verifyTextPresent("(?i)kiwi", true): Text '(?i)kiwi' is present on page  using regular expression

08-06-2026T20:31:53 - [MESSAGE][PASSED] - Text '(?i)kiwi' is present on page  using regular expression

08-06-2026T20:31:53 - [TEST_STEP][PASSED] - closeBrowser(): Browser is closed

08-06-2026T20:31:53 - [MESSAGE][PASSED] - Browser is closed]]></system-out>
         <system-err><![CDATA[]]></system-err>
      </testcase>
      <testcase name="Test Cases/Ordine/TC_6.4_1" time="17.561" classname="Test Cases/Ordine/TC_6.4_1" status="PASSED">
         <system-out><![CDATA[08-06-2026T20:31:53 - [TEST_CASE][PASSED] - Test Cases/Ordine/TC_6.4_1: Test Cases/Ordine/TC_6.4_1

08-06-2026T20:31:53 - [TEST_STEP][PASSED] - Start listener action : resetSeedBeforeTestCase: Seed ripristinato prima di: Test Cases/Ordine/TC_6.4_1

08-06-2026T20:31:53 - [TEST_STEP][PASSED] - if (resetSeed == false): null

08-06-2026T20:31:53 - [TEST_STEP][PASSED] - projectDir = getProjectDir(): null

08-06-2026T20:31:53 - [TEST_STEP][PASSED] - script = new java.io.File(projectDir, Data Files/reset-seed.sql): null

08-06-2026T20:31:53 - [TEST_STEP][PASSED] - if (!(script.exists())): null

08-06-2026T20:31:53 - [TEST_STEP][PASSED] - cmd = [mysqlExe, "--user=" + dbUser, "--password=" + dbPass, dbName]: null

08-06-2026T20:31:53 - [TEST_STEP][PASSED] - log = new java.io.File(java.lang.System.getProperty(java.io.tmpdir), seedreset.log): null

08-06-2026T20:31:53 - [TEST_STEP][PASSED] - pb = new java.lang.ProcessBuilder(cmd): null

08-06-2026T20:31:53 - [TEST_STEP][PASSED] - pb.redirectInput(script): null

08-06-2026T20:31:53 - [TEST_STEP][PASSED] - pb.redirectErrorStream(true): null

08-06-2026T20:31:53 - [TEST_STEP][PASSED] - pb.redirectOutput(log): null

08-06-2026T20:31:53 - [TEST_STEP][PASSED] - p = pb.start(): null

08-06-2026T20:31:53 - [TEST_STEP][PASSED] - finished = p.waitFor(20, SECONDS): null

08-06-2026T20:31:54 - [TEST_STEP][PASSED] - if (!(finished)): null

08-06-2026T20:31:54 - [TEST_STEP][PASSED] - code = p.exitValue(): null

08-06-2026T20:31:54 - [TEST_STEP][PASSED] - if (code != 0): null

08-06-2026T20:31:54 - [TEST_STEP][PASSED] - else: Seed ripristinato prima di: Test Cases/Ordine/TC_6.4_1

08-06-2026T20:31:54 - [TEST_STEP][PASSED] - logInfo("Seed ripristinato prima di: " + context.getTestCaseId()): Seed ripristinato prima di: Test Cases/Ordine/TC_6.4_1

08-06-2026T20:31:54 - [MESSAGE][INFO] - Seed ripristinato prima di: Test Cases/Ordine/TC_6.4_1

08-06-2026T20:31:54 - [TEST_STEP][PASSED] - openBrowser(""): Browser is opened with url: ''

08-06-2026T20:31:54 - [MESSAGE][INFO] - Starting 'Chrome' driver

08-06-2026T20:31:54 - [MESSAGE][INFO] - Action delay is set to 0 milliseconds

08-06-2026T20:31:54 - [MESSAGE][PASSED] - Browser is opened with url: ''

08-06-2026T20:31:54 - [TEST_STEP][PASSED] - navigateToUrl(base + "loginForm.jsp"): Navigate to 'http://localhost:8080/Vaporant_IGES_war_exploded/loginForm.jsp' successfully

08-06-2026T20:31:55 - [MESSAGE][PASSED] - Navigate to 'http://localhost:8080/Vaporant_IGES_war_exploded/loginForm.jsp' successfully

08-06-2026T20:31:55 - [TEST_STEP][PASSED] - setText(css("#email"), "t.mansi@studenti.unisa.it"): null

08-06-2026T20:31:55 - [TEST_STEP][PASSED] - t = new com.kms.katalon.core.testobject.TestObject(sel): null

08-06-2026T20:31:55 - [TEST_STEP][PASSED] - t.addProperty("css", EQUALS, sel): null

08-06-2026T20:31:55 - [TEST_STEP][PASSED] - return t: Text 't.mansi@studenti.unisa.it' is set on object '#email'

08-06-2026T20:31:55 - [MESSAGE][PASSED] - Text 't.mansi@studenti.unisa.it' is set on object '#email'

08-06-2026T20:31:55 - [TEST_STEP][PASSED] - setText(css("#password"), "321CBA."): null

08-06-2026T20:31:55 - [TEST_STEP][PASSED] - t = new com.kms.katalon.core.testobject.TestObject(sel): null

08-06-2026T20:31:55 - [TEST_STEP][PASSED] - t.addProperty("css", EQUALS, sel): null

08-06-2026T20:31:55 - [TEST_STEP][PASSED] - return t: Text '321CBA.' is set on object '#password'

08-06-2026T20:31:56 - [MESSAGE][PASSED] - Text '321CBA.' is set on object '#password'

08-06-2026T20:31:56 - [TEST_STEP][PASSED] - click(css("#submit")): null

08-06-2026T20:31:56 - [TEST_STEP][PASSED] - t = new com.kms.katalon.core.testobject.TestObject(sel): null

08-06-2026T20:31:56 - [TEST_STEP][PASSED] - t.addProperty("css", EQUALS, sel): null

08-06-2026T20:31:56 - [TEST_STEP][PASSED] - return t: Object: '#submit' is clicked on

08-06-2026T20:31:56 - [MESSAGE][PASSED] - Object: '#submit' is clicked on

08-06-2026T20:31:56 - [TEST_STEP][PASSED] - delay(2): Delayed 2 second(s)

08-06-2026T20:31:58 - [MESSAGE][PASSED] - Delayed 2 second(s)

08-06-2026T20:31:58 - [TEST_STEP][PASSED] - navigateToUrl(base + "cart?action=addC&id=2"): Navigate to 'http://localhost:8080/Vaporant_IGES_war_exploded/cart?action=addC&id=2' successfully

08-06-2026T20:31:58 - [MESSAGE][PASSED] - Navigate to 'http://localhost:8080/Vaporant_IGES_war_exploded/cart?action=addC&id=2' successfully

08-06-2026T20:31:58 - [TEST_STEP][PASSED] - delay(1): Delayed 1 second(s)

08-06-2026T20:31:59 - [MESSAGE][PASSED] - Delayed 1 second(s)

08-06-2026T20:31:59 - [TEST_STEP][PASSED] - navigateToUrl(base + "checkout.jsp"): Navigate to 'http://localhost:8080/Vaporant_IGES_war_exploded/checkout.jsp' successfully

08-06-2026T20:31:59 - [MESSAGE][PASSED] - Navigate to 'http://localhost:8080/Vaporant_IGES_war_exploded/checkout.jsp' successfully

08-06-2026T20:31:59 - [TEST_STEP][PASSED] - delay(2): Delayed 2 second(s)

08-06-2026T20:32:01 - [MESSAGE][PASSED] - Delayed 2 second(s)

08-06-2026T20:32:01 - [TEST_STEP][PASSED] - selectOptionByValue(css("#addressDropdown"), "4", false): null

08-06-2026T20:32:01 - [TEST_STEP][PASSED] - t = new com.kms.katalon.core.testobject.TestObject(sel): null

08-06-2026T20:32:01 - [TEST_STEP][PASSED] - t.addProperty("css", EQUALS, sel): null

08-06-2026T20:32:01 - [TEST_STEP][PASSED] - return t: All options with value '4' are selected in object '#addressDropdown' 

08-06-2026T20:32:02 - [MESSAGE][PASSED] - All options with value '4' are selected in object '#addressDropdown' 

08-06-2026T20:32:02 - [TEST_STEP][PASSED] - selectOptionByValue(css("#addressDropdown2"), "4", false): null

08-06-2026T20:32:02 - [TEST_STEP][PASSED] - t = new com.kms.katalon.core.testobject.TestObject(sel): null

08-06-2026T20:32:02 - [TEST_STEP][PASSED] - t.addProperty("css", EQUALS, sel): null

08-06-2026T20:32:02 - [TEST_STEP][PASSED] - return t: All options with value '4' are selected in object '#addressDropdown2' 

08-06-2026T20:32:03 - [MESSAGE][PASSED] - All options with value '4' are selected in object '#addressDropdown2' 

08-06-2026T20:32:03 - [TEST_STEP][PASSED] - click(css("#paypal")): null

08-06-2026T20:32:03 - [TEST_STEP][PASSED] - t = new com.kms.katalon.core.testobject.TestObject(sel): null

08-06-2026T20:32:03 - [TEST_STEP][PASSED] - t.addProperty("css", EQUALS, sel): null

08-06-2026T20:32:03 - [TEST_STEP][PASSED] - return t: Object: '#paypal' is clicked on

08-06-2026T20:32:03 - [MESSAGE][PASSED] - Object: '#paypal' is clicked on

08-06-2026T20:32:03 - [TEST_STEP][PASSED] - click(css("form[action='Ordine'] .checkout-btn")): null

08-06-2026T20:32:03 - [TEST_STEP][PASSED] - t = new com.kms.katalon.core.testobject.TestObject(sel): null

08-06-2026T20:32:03 - [TEST_STEP][PASSED] - t.addProperty("css", EQUALS, sel): null

08-06-2026T20:32:03 - [TEST_STEP][PASSED] - return t: Object: 'form[action='Ordine'] .checkout-btn' is clicked on

08-06-2026T20:32:03 - [MESSAGE][PASSED] - Object: 'form[action='Ordine'] .checkout-btn' is clicked on

08-06-2026T20:32:03 - [TEST_STEP][PASSED] - delay(3): Delayed 3 second(s)

08-06-2026T20:32:06 - [MESSAGE][PASSED] - Delayed 3 second(s)

08-06-2026T20:32:06 - [TEST_STEP][PASSED] - click(css("form[action='fattura'] button")): null

08-06-2026T20:32:06 - [TEST_STEP][PASSED] - t = new com.kms.katalon.core.testobject.TestObject(sel): null

08-06-2026T20:32:06 - [TEST_STEP][PASSED] - t.addProperty("css", EQUALS, sel): null

08-06-2026T20:32:06 - [TEST_STEP][PASSED] - return t: Object: 'form[action='fattura'] button' is clicked on

08-06-2026T20:32:07 - [MESSAGE][PASSED] - Object: 'form[action='fattura'] button' is clicked on

08-06-2026T20:32:07 - [TEST_STEP][PASSED] - delay(3): Delayed 3 second(s)

08-06-2026T20:32:10 - [MESSAGE][PASSED] - Delayed 3 second(s)

08-06-2026T20:32:10 - [TEST_STEP][PASSED] - takeScreenshot(): Taking screenshot successfully

08-06-2026T20:32:11 - [MESSAGE][PASSED] - Taking screenshot successfully
[[ATTACHMENT|C:\\Users\\gianf\\Documents\\Vaporant-IGES\\StorageSession\\testing\\katalon\\Vaporant-Baseline\\Reports\\20260608_202946\\Ordine\\20260608_202946\\1780943530807.png]]

08-06-2026T20:32:11 - [TEST_STEP][PASSED] - verifyTextNotPresent("(?i)Si.*verificato un errore", true, CONTINUE_ON_FAILURE): Text '(?i)Si.*verificato un errore' is not present on page using regular expression

08-06-2026T20:32:11 - [MESSAGE][PASSED] - Text '(?i)Si.*verificato un errore' is not present on page using regular expression

08-06-2026T20:32:11 - [TEST_STEP][PASSED] - closeBrowser(): Browser is closed

08-06-2026T20:32:11 - [MESSAGE][PASSED] - Browser is closed]]></system-out>
         <system-err><![CDATA[]]></system-err>
      </testcase>
      <system-out><![CDATA[08-06-2026T20:30:02 - [TEST_SUITE][FAILED] - Ordine: null]]></system-out>
      <system-err><![CDATA[08-06-2026T20:30:02 - [TEST_SUITE][FAILED] - Ordine: null]]></system-err>
   </testsuite>
</testsuites>
